{"D:\\gitHub\\Povarenok\\Frontend\\js\\function.js": {"path":"D:\\gitHub\\Povarenok\\Frontend\\js\\function.js","statementMap":{"0":{"start":{"line":2,"column":18},"end":{"line":2,"column":36}},"1":{"start":{"line":3,"column":19},"end":{"line":3,"column":34}},"2":{"start":{"line":4,"column":10},"end":{"line":4,"column":39}},"3":{"start":{"line":6,"column":20},"end":{"line":6,"column":21}},"4":{"start":{"line":7,"column":17},"end":{"line":7,"column":20}},"5":{"start":{"line":11,"column":19},"end":{"line":11,"column":82}},"6":{"start":{"line":13,"column":22},"end":{"line":13,"column":51}},"7":{"start":{"line":15,"column":4},"end":{"line":23,"column":5}},"8":{"start":{"line":16,"column":8},"end":{"line":18,"column":22}},"9":{"start":{"line":20,"column":8},"end":{"line":22,"column":22}},"10":{"start":{"line":25,"column":4},"end":{"line":25,"column":63}},"11":{"start":{"line":29,"column":4},"end":{"line":29,"column":57}},"12":{"start":{"line":30,"column":4},"end":{"line":30,"column":56}},"13":{"start":{"line":31,"column":4},"end":{"line":31,"column":55}},"14":{"start":{"line":33,"column":4},"end":{"line":34,"column":70}},"15":{"start":{"line":36,"column":4},"end":{"line":37,"column":68}},"16":{"start":{"line":39,"column":4},"end":{"line":40,"column":71}},"17":{"start":{"line":42,"column":4},"end":{"line":43,"column":70}},"18":{"start":{"line":46,"column":4},"end":{"line":56,"column":5}},"19":{"start":{"line":46,"column":17},"end":{"line":46,"column":31}},"20":{"start":{"line":47,"column":23},"end":{"line":47,"column":40}},"21":{"start":{"line":48,"column":22},"end":{"line":48,"column":38}},"22":{"start":{"line":49,"column":23},"end":{"line":49,"column":38}},"23":{"start":{"line":51,"column":8},"end":{"line":55,"column":9}},"24":{"start":{"line":52,"column":12},"end":{"line":52,"column":114}},"25":{"start":{"line":53,"column":12},"end":{"line":53,"column":112}},"26":{"start":{"line":54,"column":12},"end":{"line":54,"column":114}},"27":{"start":{"line":58,"column":4},"end":{"line":58,"column":25}},"28":{"start":{"line":62,"column":4},"end":{"line":62,"column":21}},"29":{"start":{"line":63,"column":4},"end":{"line":63,"column":22}},"30":{"start":{"line":67,"column":4},"end":{"line":67,"column":19}},"31":{"start":{"line":68,"column":4},"end":{"line":68,"column":17}},"32":{"start":{"line":72,"column":4},"end":{"line":72,"column":63}},"33":{"start":{"line":73,"column":4},"end":{"line":79,"column":5}},"34":{"start":{"line":73,"column":17},"end":{"line":73,"column":18}},"35":{"start":{"line":74,"column":23},"end":{"line":74,"column":40}},"36":{"start":{"line":76,"column":8},"end":{"line":78,"column":9}},"37":{"start":{"line":77,"column":12},"end":{"line":77,"column":71}},"38":{"start":{"line":81,"column":4},"end":{"line":81,"column":49}},"39":{"start":{"line":82,"column":4},"end":{"line":82,"column":20}},"40":{"start":{"line":84,"column":19},"end":{"line":84,"column":48}},"41":{"start":{"line":85,"column":18},"end":{"line":85,"column":46}},"42":{"start":{"line":86,"column":19},"end":{"line":86,"column":46}},"43":{"start":{"line":88,"column":16},"end":{"line":88,"column":45}},"44":{"start":{"line":89,"column":4},"end":{"line":92,"column":43}},"45":{"start":{"line":94,"column":16},"end":{"line":94,"column":45}},"46":{"start":{"line":95,"column":4},"end":{"line":99,"column":23}},"47":{"start":{"line":101,"column":17},"end":{"line":101,"column":46}},"48":{"start":{"line":102,"column":4},"end":{"line":107,"column":23}},"49":{"start":{"line":109,"column":4},"end":{"line":109,"column":57}},"50":{"start":{"line":110,"column":4},"end":{"line":110,"column":57}},"51":{"start":{"line":111,"column":4},"end":{"line":111,"column":58}},"52":{"start":{"line":113,"column":4},"end":{"line":115,"column":5}},"53":{"start":{"line":114,"column":8},"end":{"line":114,"column":105}},"54":{"start":{"line":114,"column":74},"end":{"line":114,"column":103}},"55":{"start":{"line":117,"column":4},"end":{"line":119,"column":5}},"56":{"start":{"line":118,"column":8},"end":{"line":118,"column":88}},"57":{"start":{"line":121,"column":4},"end":{"line":123,"column":5}},"58":{"start":{"line":122,"column":8},"end":{"line":122,"column":89}},"59":{"start":{"line":125,"column":4},"end":{"line":125,"column":68}},"60":{"start":{"line":126,"column":4},"end":{"line":126,"column":67}},"61":{"start":{"line":127,"column":4},"end":{"line":127,"column":73}},"62":{"start":{"line":131,"column":4},"end":{"line":131,"column":15}},"63":{"start":{"line":133,"column":4},"end":{"line":134,"column":70}},"64":{"start":{"line":136,"column":4},"end":{"line":137,"column":68}},"65":{"start":{"line":139,"column":4},"end":{"line":140,"column":71}},"66":{"start":{"line":142,"column":4},"end":{"line":143,"column":70}},"67":{"start":{"line":148,"column":4},"end":{"line":157,"column":22}},"68":{"start":{"line":159,"column":4},"end":{"line":169,"column":5}},"69":{"start":{"line":159,"column":17},"end":{"line":159,"column":18}},"70":{"start":{"line":160,"column":23},"end":{"line":160,"column":40}},"71":{"start":{"line":161,"column":22},"end":{"line":161,"column":38}},"72":{"start":{"line":163,"column":8},"end":{"line":168,"column":9}},"73":{"start":{"line":164,"column":12},"end":{"line":167,"column":13}},"74":{"start":{"line":166,"column":16},"end":{"line":166,"column":75}},"75":{"start":{"line":174,"column":4},"end":{"line":177,"column":85}},"76":{"start":{"line":181,"column":4},"end":{"line":182,"column":101}},"77":{"start":{"line":184,"column":4},"end":{"line":184,"column":45}},"78":{"start":{"line":185,"column":4},"end":{"line":185,"column":38}},"79":{"start":{"line":189,"column":4},"end":{"line":189,"column":61}},"80":{"start":{"line":193,"column":4},"end":{"line":193,"column":79}},"81":{"start":{"line":197,"column":4},"end":{"line":197,"column":82}},"82":{"start":{"line":198,"column":4},"end":{"line":198,"column":77}},"83":{"start":{"line":202,"column":4},"end":{"line":202,"column":27}},"84":{"start":{"line":203,"column":4},"end":{"line":203,"column":46}},"85":{"start":{"line":219,"column":4},"end":{"line":219,"column":18}},"86":{"start":{"line":221,"column":14},"end":{"line":221,"column":17}},"87":{"start":{"line":222,"column":17},"end":{"line":222,"column":19}},"88":{"start":{"line":224,"column":21},"end":{"line":224,"column":72}},"89":{"start":{"line":225,"column":4},"end":{"line":225,"column":76}},"90":{"start":{"line":227,"column":4},"end":{"line":227,"column":93}},"91":{"start":{"line":229,"column":20},"end":{"line":229,"column":74}},"92":{"start":{"line":230,"column":4},"end":{"line":230,"column":74}},"93":{"start":{"line":232,"column":20},"end":{"line":232,"column":74}},"94":{"start":{"line":233,"column":4},"end":{"line":233,"column":74}},"95":{"start":{"line":234,"column":4},"end":{"line":234,"column":82}},"96":{"start":{"line":236,"column":4},"end":{"line":236,"column":109}},"97":{"start":{"line":237,"column":4},"end":{"line":237,"column":117}},"98":{"start":{"line":239,"column":4},"end":{"line":239,"column":120}},"99":{"start":{"line":241,"column":18},"end":{"line":241,"column":80}},"100":{"start":{"line":242,"column":19},"end":{"line":242,"column":82}},"101":{"start":{"line":243,"column":16},"end":{"line":243,"column":46}},"102":{"start":{"line":245,"column":4},"end":{"line":245,"column":27}},"103":{"start":{"line":247,"column":4},"end":{"line":249,"column":5}},"104":{"start":{"line":248,"column":8},"end":{"line":248,"column":43}},"105":{"start":{"line":253,"column":4},"end":{"line":274,"column":7}},"106":{"start":{"line":259,"column":12},"end":{"line":270,"column":13}},"107":{"start":{"line":260,"column":34},"end":{"line":260,"column":61}},"108":{"start":{"line":262,"column":16},"end":{"line":269,"column":17}},"109":{"start":{"line":262,"column":29},"end":{"line":262,"column":30}},"110":{"start":{"line":263,"column":34},"end":{"line":263,"column":96}},"111":{"start":{"line":264,"column":32},"end":{"line":264,"column":63}},"112":{"start":{"line":265,"column":20},"end":{"line":268,"column":21}},"113":{"start":{"line":266,"column":24},"end":{"line":266,"column":100}},"114":{"start":{"line":278,"column":15},"end":{"line":278,"column":65}},"115":{"start":{"line":279,"column":14},"end":{"line":279,"column":16}},"116":{"start":{"line":281,"column":4},"end":{"line":324,"column":7}},"117":{"start":{"line":287,"column":12},"end":{"line":320,"column":13}},"118":{"start":{"line":288,"column":16},"end":{"line":290,"column":17}},"119":{"start":{"line":289,"column":20},"end":{"line":289,"column":40}},"120":{"start":{"line":292,"column":16},"end":{"line":292,"column":74}},"121":{"start":{"line":294,"column":16},"end":{"line":294,"column":73}},"122":{"start":{"line":296,"column":16},"end":{"line":296,"column":75}},"123":{"start":{"line":298,"column":16},"end":{"line":298,"column":73}},"124":{"start":{"line":300,"column":16},"end":{"line":300,"column":77}},"125":{"start":{"line":302,"column":16},"end":{"line":302,"column":76}},"126":{"start":{"line":304,"column":29},"end":{"line":304,"column":31}},"127":{"start":{"line":306,"column":16},"end":{"line":309,"column":17}},"128":{"start":{"line":306,"column":29},"end":{"line":306,"column":30}},"129":{"start":{"line":307,"column":30},"end":{"line":307,"column":35}},"130":{"start":{"line":308,"column":20},"end":{"line":308,"column":103}},"131":{"start":{"line":310,"column":16},"end":{"line":310,"column":73}},"132":{"start":{"line":313,"column":16},"end":{"line":313,"column":81}},"133":{"start":{"line":315,"column":16},"end":{"line":315,"column":74}},"134":{"start":{"line":317,"column":26},"end":{"line":317,"column":50}},"135":{"start":{"line":319,"column":16},"end":{"line":319,"column":81}},"136":{"start":{"line":329,"column":4},"end":{"line":333,"column":6}},"137":{"start":{"line":335,"column":4},"end":{"line":335,"column":45}},"138":{"start":{"line":336,"column":4},"end":{"line":336,"column":38}},"139":{"start":{"line":340,"column":4},"end":{"line":340,"column":81}},"140":{"start":{"line":350,"column":21},"end":{"line":350,"column":26}},"141":{"start":{"line":351,"column":21},"end":{"line":351,"column":26}},"142":{"start":{"line":354,"column":18},"end":{"line":354,"column":45}},"143":{"start":{"line":355,"column":4},"end":{"line":355,"column":21}},"144":{"start":{"line":356,"column":22},"end":{"line":356,"column":60}},"145":{"start":{"line":358,"column":4},"end":{"line":361,"column":6}},"146":{"start":{"line":359,"column":8},"end":{"line":359,"column":27}},"147":{"start":{"line":360,"column":8},"end":{"line":360,"column":44}},"148":{"start":{"line":362,"column":4},"end":{"line":365,"column":6}},"149":{"start":{"line":363,"column":8},"end":{"line":363,"column":27}},"150":{"start":{"line":364,"column":8},"end":{"line":364,"column":47}},"151":{"start":{"line":366,"column":4},"end":{"line":368,"column":6}},"152":{"start":{"line":367,"column":8},"end":{"line":367,"column":27}},"153":{"start":{"line":369,"column":4},"end":{"line":387,"column":6}},"154":{"start":{"line":370,"column":8},"end":{"line":370,"column":27}},"155":{"start":{"line":371,"column":8},"end":{"line":371,"column":37}},"156":{"start":{"line":372,"column":8},"end":{"line":372,"column":48}},"157":{"start":{"line":373,"column":8},"end":{"line":384,"column":9}},"158":{"start":{"line":374,"column":12},"end":{"line":376,"column":13}},"159":{"start":{"line":375,"column":16},"end":{"line":375,"column":59}},"160":{"start":{"line":377,"column":12},"end":{"line":379,"column":13}},"161":{"start":{"line":378,"column":16},"end":{"line":378,"column":66}},"162":{"start":{"line":381,"column":12},"end":{"line":381,"column":86}},"163":{"start":{"line":382,"column":12},"end":{"line":382,"column":108}},"164":{"start":{"line":383,"column":12},"end":{"line":383,"column":33}},"165":{"start":{"line":386,"column":8},"end":{"line":386,"column":47}},"166":{"start":{"line":389,"column":4},"end":{"line":389,"column":25}},"167":{"start":{"line":390,"column":4},"end":{"line":390,"column":28}},"168":{"start":{"line":392,"column":4},"end":{"line":392,"column":18}},"169":{"start":{"line":396,"column":4},"end":{"line":415,"column":7}},"170":{"start":{"line":402,"column":12},"end":{"line":411,"column":13}},"171":{"start":{"line":403,"column":16},"end":{"line":410,"column":17}},"172":{"start":{"line":403,"column":29},"end":{"line":403,"column":30}},"173":{"start":{"line":404,"column":33},"end":{"line":404,"column":65}},"174":{"start":{"line":405,"column":20},"end":{"line":405,"column":112}},"175":{"start":{"line":406,"column":20},"end":{"line":406,"column":77}},"176":{"start":{"line":407,"column":20},"end":{"line":409,"column":21}},"177":{"start":{"line":408,"column":24},"end":{"line":408,"column":46}},"178":{"start":{"line":419,"column":4},"end":{"line":438,"column":7}},"179":{"start":{"line":425,"column":12},"end":{"line":434,"column":13}},"180":{"start":{"line":426,"column":16},"end":{"line":433,"column":17}},"181":{"start":{"line":426,"column":29},"end":{"line":426,"column":30}},"182":{"start":{"line":427,"column":33},"end":{"line":427,"column":65}},"183":{"start":{"line":428,"column":20},"end":{"line":428,"column":112}},"184":{"start":{"line":429,"column":20},"end":{"line":429,"column":77}},"185":{"start":{"line":430,"column":20},"end":{"line":432,"column":21}},"186":{"start":{"line":431,"column":24},"end":{"line":431,"column":46}},"187":{"start":{"line":442,"column":4},"end":{"line":442,"column":18}},"188":{"start":{"line":443,"column":18},"end":{"line":443,"column":80}},"189":{"start":{"line":444,"column":18},"end":{"line":444,"column":80}},"190":{"start":{"line":445,"column":18},"end":{"line":445,"column":80}},"191":{"start":{"line":447,"column":4},"end":{"line":455,"column":5}},"192":{"start":{"line":448,"column":24},"end":{"line":448,"column":34}},"193":{"start":{"line":450,"column":8},"end":{"line":450,"column":41}},"194":{"start":{"line":452,"column":11},"end":{"line":455,"column":5}},"195":{"start":{"line":454,"column":8},"end":{"line":454,"column":53}},"196":{"start":{"line":461,"column":4},"end":{"line":461,"column":22}},"197":{"start":{"line":462,"column":4},"end":{"line":462,"column":23}},"198":{"start":{"line":466,"column":4},"end":{"line":524,"column":7}},"199":{"start":{"line":472,"column":12},"end":{"line":520,"column":13}},"200":{"start":{"line":473,"column":39},"end":{"line":473,"column":50}},"201":{"start":{"line":476,"column":16},"end":{"line":476,"column":114}},"202":{"start":{"line":477,"column":16},"end":{"line":477,"column":100}},"203":{"start":{"line":479,"column":16},"end":{"line":479,"column":35}},"204":{"start":{"line":481,"column":16},"end":{"line":481,"column":35}},"205":{"start":{"line":483,"column":16},"end":{"line":518,"column":17}},"206":{"start":{"line":483,"column":29},"end":{"line":483,"column":30}},"207":{"start":{"line":484,"column":38},"end":{"line":484,"column":52}},"208":{"start":{"line":485,"column":39},"end":{"line":485,"column":52}},"209":{"start":{"line":486,"column":42},"end":{"line":486,"column":58}},"210":{"start":{"line":487,"column":43},"end":{"line":487,"column":60}},"211":{"start":{"line":488,"column":43},"end":{"line":488,"column":60}},"212":{"start":{"line":490,"column":32},"end":{"line":490,"column":61}},"213":{"start":{"line":492,"column":34},"end":{"line":492,"column":63}},"214":{"start":{"line":493,"column":30},"end":{"line":493,"column":67}},"215":{"start":{"line":495,"column":20},"end":{"line":500,"column":33}},"216":{"start":{"line":502,"column":20},"end":{"line":502,"column":74}},"217":{"start":{"line":504,"column":20},"end":{"line":506,"column":21}},"218":{"start":{"line":505,"column":24},"end":{"line":505,"column":115}},"219":{"start":{"line":505,"column":94},"end":{"line":505,"column":113}},"220":{"start":{"line":509,"column":20},"end":{"line":509,"column":94}},"221":{"start":{"line":510,"column":20},"end":{"line":510,"column":92}},"222":{"start":{"line":512,"column":20},"end":{"line":512,"column":68}},"223":{"start":{"line":514,"column":20},"end":{"line":517,"column":21}},"224":{"start":{"line":515,"column":24},"end":{"line":515,"column":70}},"225":{"start":{"line":516,"column":24},"end":{"line":516,"column":43}},"226":{"start":{"line":519,"column":16},"end":{"line":519,"column":45}},"227":{"start":{"line":528,"column":4},"end":{"line":584,"column":7}},"228":{"start":{"line":534,"column":12},"end":{"line":580,"column":13}},"229":{"start":{"line":535,"column":39},"end":{"line":535,"column":50}},"230":{"start":{"line":537,"column":16},"end":{"line":537,"column":114}},"231":{"start":{"line":538,"column":16},"end":{"line":538,"column":108}},"232":{"start":{"line":540,"column":16},"end":{"line":540,"column":35}},"233":{"start":{"line":541,"column":16},"end":{"line":541,"column":35}},"234":{"start":{"line":543,"column":16},"end":{"line":577,"column":17}},"235":{"start":{"line":543,"column":29},"end":{"line":543,"column":30}},"236":{"start":{"line":544,"column":38},"end":{"line":544,"column":52}},"237":{"start":{"line":545,"column":39},"end":{"line":545,"column":52}},"238":{"start":{"line":546,"column":42},"end":{"line":546,"column":58}},"239":{"start":{"line":547,"column":43},"end":{"line":547,"column":60}},"240":{"start":{"line":548,"column":43},"end":{"line":548,"column":60}},"241":{"start":{"line":550,"column":32},"end":{"line":550,"column":61}},"242":{"start":{"line":551,"column":34},"end":{"line":551,"column":63}},"243":{"start":{"line":552,"column":30},"end":{"line":552,"column":67}},"244":{"start":{"line":554,"column":20},"end":{"line":559,"column":33}},"245":{"start":{"line":561,"column":20},"end":{"line":561,"column":74}},"246":{"start":{"line":563,"column":20},"end":{"line":566,"column":21}},"247":{"start":{"line":564,"column":24},"end":{"line":565,"column":55}},"248":{"start":{"line":565,"column":34},"end":{"line":565,"column":53}},"249":{"start":{"line":568,"column":20},"end":{"line":568,"column":94}},"250":{"start":{"line":569,"column":20},"end":{"line":569,"column":92}},"251":{"start":{"line":571,"column":20},"end":{"line":571,"column":68}},"252":{"start":{"line":573,"column":20},"end":{"line":576,"column":21}},"253":{"start":{"line":574,"column":24},"end":{"line":574,"column":70}},"254":{"start":{"line":575,"column":24},"end":{"line":575,"column":43}},"255":{"start":{"line":578,"column":16},"end":{"line":578,"column":45}},"256":{"start":{"line":579,"column":16},"end":{"line":579,"column":45}},"257":{"start":{"line":587,"column":15},"end":{"line":587,"column":20}},"258":{"start":{"line":588,"column":15},"end":{"line":588,"column":20}},"259":{"start":{"line":591,"column":4},"end":{"line":591,"column":23}},"260":{"start":{"line":593,"column":4},"end":{"line":632,"column":7}},"261":{"start":{"line":599,"column":12},"end":{"line":628,"column":13}},"262":{"start":{"line":599,"column":25},"end":{"line":599,"column":26}},"263":{"start":{"line":600,"column":34},"end":{"line":600,"column":48}},"264":{"start":{"line":601,"column":35},"end":{"line":601,"column":48}},"265":{"start":{"line":602,"column":38},"end":{"line":602,"column":54}},"266":{"start":{"line":603,"column":39},"end":{"line":603,"column":56}},"267":{"start":{"line":604,"column":39},"end":{"line":604,"column":50}},"268":{"start":{"line":606,"column":28},"end":{"line":606,"column":57}},"269":{"start":{"line":608,"column":26},"end":{"line":608,"column":63}},"270":{"start":{"line":609,"column":30},"end":{"line":609,"column":59}},"271":{"start":{"line":611,"column":16},"end":{"line":616,"column":29}},"272":{"start":{"line":618,"column":16},"end":{"line":618,"column":71}},"273":{"start":{"line":620,"column":16},"end":{"line":623,"column":17}},"274":{"start":{"line":621,"column":20},"end":{"line":622,"column":50}},"275":{"start":{"line":622,"column":30},"end":{"line":622,"column":49}},"276":{"start":{"line":625,"column":16},"end":{"line":625,"column":90}},"277":{"start":{"line":627,"column":16},"end":{"line":627,"column":64}},"278":{"start":{"line":636,"column":4},"end":{"line":645,"column":5}},"279":{"start":{"line":637,"column":8},"end":{"line":644,"column":9}},"280":{"start":{"line":637,"column":21},"end":{"line":637,"column":22}},"281":{"start":{"line":638,"column":25},"end":{"line":638,"column":57}},"282":{"start":{"line":639,"column":12},"end":{"line":639,"column":104}},"283":{"start":{"line":640,"column":12},"end":{"line":640,"column":68}},"284":{"start":{"line":641,"column":12},"end":{"line":643,"column":13}},"285":{"start":{"line":642,"column":16},"end":{"line":642,"column":32}},"286":{"start":{"line":649,"column":4},"end":{"line":659,"column":7}},"287":{"start":{"line":655,"column":12},"end":{"line":655,"column":30}},"288":{"start":{"line":663,"column":4},"end":{"line":682,"column":7}},"289":{"start":{"line":669,"column":12},"end":{"line":678,"column":13}},"290":{"start":{"line":670,"column":16},"end":{"line":677,"column":17}},"291":{"start":{"line":670,"column":29},"end":{"line":670,"column":30}},"292":{"start":{"line":671,"column":33},"end":{"line":671,"column":65}},"293":{"start":{"line":672,"column":20},"end":{"line":672,"column":112}},"294":{"start":{"line":673,"column":20},"end":{"line":673,"column":71}},"295":{"start":{"line":674,"column":20},"end":{"line":676,"column":21}},"296":{"start":{"line":675,"column":24},"end":{"line":675,"column":40}},"297":{"start":{"line":686,"column":4},"end":{"line":686,"column":20}},"298":{"start":{"line":687,"column":4},"end":{"line":687,"column":22}},"299":{"start":{"line":688,"column":4},"end":{"line":688,"column":23}},"300":{"start":{"line":689,"column":4},"end":{"line":689,"column":18}},"301":{"start":{"line":693,"column":4},"end":{"line":693,"column":43}},"302":{"start":{"line":696,"column":11},"end":{"line":696,"column":16}},"303":{"start":{"line":699,"column":19},"end":{"line":699,"column":82}},"304":{"start":{"line":701,"column":22},"end":{"line":701,"column":51}},"305":{"start":{"line":703,"column":4},"end":{"line":705,"column":5}},"306":{"start":{"line":704,"column":8},"end":{"line":704,"column":83}},"307":{"start":{"line":707,"column":4},"end":{"line":707,"column":63}},"308":{"start":{"line":709,"column":4},"end":{"line":711,"column":5}},"309":{"start":{"line":710,"column":8},"end":{"line":710,"column":48}},"310":{"start":{"line":717,"column":4},"end":{"line":717,"column":21}},"311":{"start":{"line":718,"column":4},"end":{"line":718,"column":22}},"312":{"start":{"line":722,"column":4},"end":{"line":722,"column":28}},"313":{"start":{"line":726,"column":4},"end":{"line":816,"column":7}},"314":{"start":{"line":732,"column":12},"end":{"line":812,"column":13}},"315":{"start":{"line":733,"column":36},"end":{"line":733,"column":63}},"316":{"start":{"line":734,"column":34},"end":{"line":734,"column":61}},"317":{"start":{"line":736,"column":16},"end":{"line":736,"column":34}},"318":{"start":{"line":738,"column":16},"end":{"line":738,"column":113}},"319":{"start":{"line":740,"column":16},"end":{"line":772,"column":17}},"320":{"start":{"line":740,"column":29},"end":{"line":740,"column":30}},"321":{"start":{"line":741,"column":38},"end":{"line":741,"column":52}},"322":{"start":{"line":742,"column":39},"end":{"line":742,"column":52}},"323":{"start":{"line":743,"column":42},"end":{"line":743,"column":58}},"324":{"start":{"line":744,"column":43},"end":{"line":744,"column":60}},"325":{"start":{"line":745,"column":44},"end":{"line":745,"column":68}},"326":{"start":{"line":747,"column":32},"end":{"line":747,"column":61}},"327":{"start":{"line":749,"column":30},"end":{"line":749,"column":83}},"328":{"start":{"line":750,"column":34},"end":{"line":750,"column":79}},"329":{"start":{"line":752,"column":20},"end":{"line":757,"column":33}},"330":{"start":{"line":759,"column":20},"end":{"line":759,"column":77}},"331":{"start":{"line":761,"column":20},"end":{"line":764,"column":21}},"332":{"start":{"line":762,"column":24},"end":{"line":763,"column":55}},"333":{"start":{"line":763,"column":34},"end":{"line":763,"column":53}},"334":{"start":{"line":766,"column":20},"end":{"line":766,"column":93}},"335":{"start":{"line":768,"column":20},"end":{"line":768,"column":78}},"336":{"start":{"line":769,"column":20},"end":{"line":769,"column":80}},"337":{"start":{"line":771,"column":20},"end":{"line":771,"column":66}},"338":{"start":{"line":774,"column":16},"end":{"line":774,"column":34}},"339":{"start":{"line":775,"column":16},"end":{"line":776,"column":67}},"340":{"start":{"line":778,"column":16},"end":{"line":810,"column":17}},"341":{"start":{"line":778,"column":29},"end":{"line":778,"column":30}},"342":{"start":{"line":779,"column":38},"end":{"line":779,"column":71}},"343":{"start":{"line":780,"column":39},"end":{"line":780,"column":71}},"344":{"start":{"line":781,"column":42},"end":{"line":781,"column":77}},"345":{"start":{"line":782,"column":43},"end":{"line":782,"column":79}},"346":{"start":{"line":783,"column":44},"end":{"line":783,"column":87}},"347":{"start":{"line":785,"column":32},"end":{"line":785,"column":61}},"348":{"start":{"line":787,"column":30},"end":{"line":787,"column":83}},"349":{"start":{"line":788,"column":34},"end":{"line":788,"column":79}},"350":{"start":{"line":790,"column":20},"end":{"line":795,"column":33}},"351":{"start":{"line":797,"column":20},"end":{"line":797,"column":77}},"352":{"start":{"line":799,"column":20},"end":{"line":802,"column":21}},"353":{"start":{"line":800,"column":24},"end":{"line":801,"column":55}},"354":{"start":{"line":801,"column":34},"end":{"line":801,"column":53}},"355":{"start":{"line":804,"column":20},"end":{"line":804,"column":93}},"356":{"start":{"line":806,"column":20},"end":{"line":806,"column":78}},"357":{"start":{"line":807,"column":20},"end":{"line":807,"column":80}},"358":{"start":{"line":809,"column":20},"end":{"line":809,"column":66}},"359":{"start":{"line":811,"column":16},"end":{"line":811,"column":28}},"360":{"start":{"line":821,"column":19},"end":{"line":821,"column":29}},"361":{"start":{"line":822,"column":18},"end":{"line":822,"column":54}},"362":{"start":{"line":824,"column":14},"end":{"line":824,"column":50}},"363":{"start":{"line":826,"column":17},"end":{"line":826,"column":44}},"364":{"start":{"line":827,"column":4},"end":{"line":827,"column":91}},"365":{"start":{"line":828,"column":4},"end":{"line":828,"column":39}},"366":{"start":{"line":829,"column":4},"end":{"line":829,"column":36}},"367":{"start":{"line":830,"column":4},"end":{"line":830,"column":17}},"368":{"start":{"line":831,"column":4},"end":{"line":831,"column":36}},"369":{"start":{"line":833,"column":22},"end":{"line":833,"column":24}},"370":{"start":{"line":834,"column":14},"end":{"line":834,"column":53}},"371":{"start":{"line":836,"column":4},"end":{"line":848,"column":5}},"372":{"start":{"line":836,"column":17},"end":{"line":836,"column":18}},"373":{"start":{"line":838,"column":23},"end":{"line":838,"column":40}},"374":{"start":{"line":839,"column":22},"end":{"line":839,"column":38}},"375":{"start":{"line":841,"column":25},"end":{"line":845,"column":9}},"376":{"start":{"line":847,"column":8},"end":{"line":847,"column":37}},"377":{"start":{"line":850,"column":4},"end":{"line":861,"column":7}},"378":{"start":{"line":865,"column":4},"end":{"line":875,"column":7}},"379":{"start":{"line":880,"column":4},"end":{"line":884,"column":7}},"380":{"start":{"line":888,"column":4},"end":{"line":898,"column":7}},"381":{"start":{"line":903,"column":4},"end":{"line":918,"column":5}},"382":{"start":{"line":904,"column":8},"end":{"line":904,"column":84}},"383":{"start":{"line":908,"column":8},"end":{"line":909,"column":58}},"384":{"start":{"line":911,"column":11},"end":{"line":918,"column":5}},"385":{"start":{"line":912,"column":8},"end":{"line":912,"column":83}},"386":{"start":{"line":916,"column":8},"end":{"line":917,"column":58}},"387":{"start":{"line":923,"column":4},"end":{"line":933,"column":7}},"388":{"start":{"line":937,"column":4},"end":{"line":946,"column":7}},"389":{"start":{"line":949,"column":0},"end":{"line":955,"column":122}}},"fnMap":{"0":{"name":"setUserName","decl":{"start":{"line":10,"column":9},"end":{"line":10,"column":20}},"loc":{"start":{"line":10,"column":23},"end":{"line":26,"column":1}},"line":10},"1":{"name":"deleteIngBlock","decl":{"start":{"line":28,"column":9},"end":{"line":28,"column":23}},"loc":{"start":{"line":28,"column":28},"end":{"line":59,"column":1}},"line":28},"2":{"name":"setCurrTopIng","decl":{"start":{"line":61,"column":9},"end":{"line":61,"column":22}},"loc":{"start":{"line":61,"column":27},"end":{"line":64,"column":1}},"line":61},"3":{"name":"increasePerem","decl":{"start":{"line":66,"column":9},"end":{"line":66,"column":22}},"loc":{"start":{"line":66,"column":36},"end":{"line":69,"column":1}},"line":66},"4":{"name":"addBlock","decl":{"start":{"line":71,"column":9},"end":{"line":71,"column":17}},"loc":{"start":{"line":71,"column":20},"end":{"line":128,"column":1}},"line":71},"5":{"name":"(anonymous_5)","decl":{"start":{"line":114,"column":68},"end":{"line":114,"column":69}},"loc":{"start":{"line":114,"column":74},"end":{"line":114,"column":103}},"line":114},"6":{"name":"addIngBlock","decl":{"start":{"line":130,"column":9},"end":{"line":130,"column":20}},"loc":{"start":{"line":130,"column":23},"end":{"line":144,"column":1}},"line":130},"7":{"name":"toggleButtonAddRec","decl":{"start":{"line":146,"column":9},"end":{"line":146,"column":27}},"loc":{"start":{"line":146,"column":30},"end":{"line":170,"column":1}},"line":146},"8":{"name":"validRecValue","decl":{"start":{"line":172,"column":9},"end":{"line":172,"column":22}},"loc":{"start":{"line":173,"column":80},"end":{"line":178,"column":1}},"line":173},"9":{"name":"toggleButtonSignIn","decl":{"start":{"line":180,"column":9},"end":{"line":180,"column":27}},"loc":{"start":{"line":180,"column":30},"end":{"line":186,"column":1}},"line":180},"10":{"name":"validSignInValue","decl":{"start":{"line":188,"column":9},"end":{"line":188,"column":25}},"loc":{"start":{"line":188,"column":45},"end":{"line":190,"column":1}},"line":188},"11":{"name":"searchKeywords","decl":{"start":{"line":192,"column":9},"end":{"line":192,"column":23}},"loc":{"start":{"line":192,"column":26},"end":{"line":194,"column":1}},"line":192},"12":{"name":"searchFilters","decl":{"start":{"line":196,"column":9},"end":{"line":196,"column":22}},"loc":{"start":{"line":196,"column":25},"end":{"line":199,"column":1}},"line":196},"13":{"name":"remEvent","decl":{"start":{"line":201,"column":9},"end":{"line":201,"column":17}},"loc":{"start":{"line":201,"column":25},"end":{"line":204,"column":1}},"line":201},"14":{"name":"isCorrectSignIn","decl":{"start":{"line":206,"column":9},"end":{"line":206,"column":24}},"loc":{"start":{"line":206,"column":27},"end":{"line":216,"column":1}},"line":206},"15":{"name":"changeHeightRec","decl":{"start":{"line":218,"column":9},"end":{"line":218,"column":24}},"loc":{"start":{"line":218,"column":27},"end":{"line":250,"column":1}},"line":218},"16":{"name":"getSavedRecByUserName","decl":{"start":{"line":252,"column":9},"end":{"line":252,"column":30}},"loc":{"start":{"line":252,"column":40},"end":{"line":275,"column":1}},"line":252},"17":{"name":"(anonymous_17)","decl":{"start":{"line":258,"column":17},"end":{"line":258,"column":18}},"loc":{"start":{"line":258,"column":33},"end":{"line":271,"column":9}},"line":258},"18":{"name":"(anonymous_18)","decl":{"start":{"line":272,"column":15},"end":{"line":272,"column":16}},"loc":{"start":{"line":272,"column":31},"end":{"line":273,"column":9}},"line":272},"19":{"name":"getRecipeByName","decl":{"start":{"line":277,"column":9},"end":{"line":277,"column":24}},"loc":{"start":{"line":277,"column":31},"end":{"line":325,"column":1}},"line":277},"20":{"name":"(anonymous_20)","decl":{"start":{"line":286,"column":17},"end":{"line":286,"column":18}},"loc":{"start":{"line":286,"column":33},"end":{"line":321,"column":9}},"line":286},"21":{"name":"(anonymous_21)","decl":{"start":{"line":322,"column":15},"end":{"line":322,"column":16}},"loc":{"start":{"line":322,"column":31},"end":{"line":323,"column":9}},"line":322},"22":{"name":"toggleButtonSignUp","decl":{"start":{"line":327,"column":9},"end":{"line":327,"column":27}},"loc":{"start":{"line":327,"column":30},"end":{"line":337,"column":1}},"line":327},"23":{"name":"validSignUpValue","decl":{"start":{"line":339,"column":9},"end":{"line":339,"column":25}},"loc":{"start":{"line":339,"column":52},"end":{"line":341,"column":1}},"line":339},"24":{"name":"isCorrectSignUp","decl":{"start":{"line":343,"column":9},"end":{"line":343,"column":24}},"loc":{"start":{"line":343,"column":27},"end":{"line":345,"column":1}},"line":343},"25":{"name":"dragAndDropFunc","decl":{"start":{"line":353,"column":9},"end":{"line":353,"column":24}},"loc":{"start":{"line":353,"column":27},"end":{"line":393,"column":1}},"line":353},"26":{"name":"(anonymous_26)","decl":{"start":{"line":358,"column":46},"end":{"line":358,"column":47}},"loc":{"start":{"line":358,"column":53},"end":{"line":361,"column":5}},"line":358},"27":{"name":"(anonymous_27)","decl":{"start":{"line":362,"column":46},"end":{"line":362,"column":47}},"loc":{"start":{"line":362,"column":53},"end":{"line":365,"column":5}},"line":362},"28":{"name":"(anonymous_28)","decl":{"start":{"line":366,"column":45},"end":{"line":366,"column":46}},"loc":{"start":{"line":366,"column":52},"end":{"line":368,"column":5}},"line":366},"29":{"name":"(anonymous_29)","decl":{"start":{"line":369,"column":41},"end":{"line":369,"column":42}},"loc":{"start":{"line":369,"column":48},"end":{"line":387,"column":5}},"line":369},"30":{"name":"getCuisinesAddRecHtml","decl":{"start":{"line":395,"column":9},"end":{"line":395,"column":30}},"loc":{"start":{"line":395,"column":32},"end":{"line":416,"column":1}},"line":395},"31":{"name":"(anonymous_31)","decl":{"start":{"line":401,"column":17},"end":{"line":401,"column":18}},"loc":{"start":{"line":401,"column":33},"end":{"line":412,"column":9}},"line":401},"32":{"name":"(anonymous_32)","decl":{"start":{"line":413,"column":15},"end":{"line":413,"column":16}},"loc":{"start":{"line":413,"column":31},"end":{"line":414,"column":9}},"line":413},"33":{"name":"getCategAddRecHtml","decl":{"start":{"line":418,"column":9},"end":{"line":418,"column":27}},"loc":{"start":{"line":418,"column":29},"end":{"line":439,"column":1}},"line":418},"34":{"name":"(anonymous_34)","decl":{"start":{"line":424,"column":17},"end":{"line":424,"column":18}},"loc":{"start":{"line":424,"column":33},"end":{"line":435,"column":9}},"line":424},"35":{"name":"(anonymous_35)","decl":{"start":{"line":436,"column":15},"end":{"line":436,"column":16}},"loc":{"start":{"line":436,"column":31},"end":{"line":437,"column":9}},"line":436},"36":{"name":"loadInfoSearchRec","decl":{"start":{"line":441,"column":9},"end":{"line":441,"column":26}},"loc":{"start":{"line":441,"column":29},"end":{"line":456,"column":1}},"line":441},"37":{"name":"setCurrLeftOff","decl":{"start":{"line":460,"column":9},"end":{"line":460,"column":23}},"loc":{"start":{"line":460,"column":28},"end":{"line":463,"column":1}},"line":460},"38":{"name":"getSearchResByKeyword","decl":{"start":{"line":465,"column":9},"end":{"line":465,"column":30}},"loc":{"start":{"line":465,"column":41},"end":{"line":525,"column":1}},"line":465},"39":{"name":"(anonymous_39)","decl":{"start":{"line":471,"column":17},"end":{"line":471,"column":18}},"loc":{"start":{"line":471,"column":33},"end":{"line":521,"column":9}},"line":471},"40":{"name":"(anonymous_40)","decl":{"start":{"line":505,"column":88},"end":{"line":505,"column":89}},"loc":{"start":{"line":505,"column":94},"end":{"line":505,"column":113}},"line":505},"41":{"name":"(anonymous_41)","decl":{"start":{"line":522,"column":15},"end":{"line":522,"column":16}},"loc":{"start":{"line":522,"column":27},"end":{"line":523,"column":9}},"line":522},"42":{"name":"getSearchResByFilter","decl":{"start":{"line":527,"column":9},"end":{"line":527,"column":29}},"loc":{"start":{"line":527,"column":47},"end":{"line":585,"column":1}},"line":527},"43":{"name":"(anonymous_43)","decl":{"start":{"line":533,"column":17},"end":{"line":533,"column":18}},"loc":{"start":{"line":533,"column":33},"end":{"line":581,"column":9}},"line":533},"44":{"name":"(anonymous_44)","decl":{"start":{"line":565,"column":28},"end":{"line":565,"column":29}},"loc":{"start":{"line":565,"column":34},"end":{"line":565,"column":53}},"line":565},"45":{"name":"(anonymous_45)","decl":{"start":{"line":582,"column":15},"end":{"line":582,"column":16}},"loc":{"start":{"line":582,"column":31},"end":{"line":583,"column":9}},"line":582},"46":{"name":"getRecentRec","decl":{"start":{"line":590,"column":9},"end":{"line":590,"column":21}},"loc":{"start":{"line":590,"column":39},"end":{"line":633,"column":1}},"line":590},"47":{"name":"(anonymous_47)","decl":{"start":{"line":598,"column":17},"end":{"line":598,"column":18}},"loc":{"start":{"line":598,"column":33},"end":{"line":629,"column":9}},"line":598},"48":{"name":"(anonymous_48)","decl":{"start":{"line":622,"column":24},"end":{"line":622,"column":25}},"loc":{"start":{"line":622,"column":30},"end":{"line":622,"column":49}},"line":622},"49":{"name":"(anonymous_49)","decl":{"start":{"line":630,"column":15},"end":{"line":630,"column":16}},"loc":{"start":{"line":630,"column":31},"end":{"line":631,"column":9}},"line":630},"50":{"name":"addCatIndex","decl":{"start":{"line":635,"column":9},"end":{"line":635,"column":20}},"loc":{"start":{"line":635,"column":26},"end":{"line":646,"column":1}},"line":635},"51":{"name":"getCategInIndex","decl":{"start":{"line":648,"column":9},"end":{"line":648,"column":24}},"loc":{"start":{"line":648,"column":26},"end":{"line":660,"column":1}},"line":648},"52":{"name":"(anonymous_52)","decl":{"start":{"line":654,"column":17},"end":{"line":654,"column":18}},"loc":{"start":{"line":654,"column":33},"end":{"line":656,"column":9}},"line":654},"53":{"name":"(anonymous_53)","decl":{"start":{"line":657,"column":15},"end":{"line":657,"column":16}},"loc":{"start":{"line":657,"column":31},"end":{"line":658,"column":9}},"line":657},"54":{"name":"getCuisinesIndex","decl":{"start":{"line":662,"column":9},"end":{"line":662,"column":25}},"loc":{"start":{"line":662,"column":27},"end":{"line":683,"column":1}},"line":662},"55":{"name":"(anonymous_55)","decl":{"start":{"line":668,"column":17},"end":{"line":668,"column":18}},"loc":{"start":{"line":668,"column":33},"end":{"line":679,"column":9}},"line":668},"56":{"name":"(anonymous_56)","decl":{"start":{"line":680,"column":15},"end":{"line":680,"column":16}},"loc":{"start":{"line":680,"column":31},"end":{"line":681,"column":9}},"line":680},"57":{"name":"loadInfoIndexRec","decl":{"start":{"line":685,"column":9},"end":{"line":685,"column":25}},"loc":{"start":{"line":685,"column":28},"end":{"line":690,"column":1}},"line":685},"58":{"name":"setNameRec","decl":{"start":{"line":692,"column":9},"end":{"line":692,"column":19}},"loc":{"start":{"line":692,"column":28},"end":{"line":694,"column":1}},"line":692},"59":{"name":"loadInfoUserRec","decl":{"start":{"line":698,"column":9},"end":{"line":698,"column":24}},"loc":{"start":{"line":698,"column":27},"end":{"line":712,"column":1}},"line":698},"60":{"name":"setCurrTopOff","decl":{"start":{"line":716,"column":9},"end":{"line":716,"column":22}},"loc":{"start":{"line":716,"column":27},"end":{"line":719,"column":1}},"line":716},"61":{"name":"calcHeightBlock","decl":{"start":{"line":721,"column":9},"end":{"line":721,"column":24}},"loc":{"start":{"line":721,"column":29},"end":{"line":723,"column":1}},"line":721},"62":{"name":"getUserSavedAndAddedRecipe","decl":{"start":{"line":725,"column":9},"end":{"line":725,"column":35}},"loc":{"start":{"line":725,"column":45},"end":{"line":817,"column":1}},"line":725},"63":{"name":"(anonymous_63)","decl":{"start":{"line":731,"column":17},"end":{"line":731,"column":18}},"loc":{"start":{"line":731,"column":33},"end":{"line":813,"column":9}},"line":731},"64":{"name":"(anonymous_64)","decl":{"start":{"line":763,"column":28},"end":{"line":763,"column":29}},"loc":{"start":{"line":763,"column":34},"end":{"line":763,"column":53}},"line":763},"65":{"name":"(anonymous_65)","decl":{"start":{"line":801,"column":28},"end":{"line":801,"column":29}},"loc":{"start":{"line":801,"column":34},"end":{"line":801,"column":53}},"line":801},"66":{"name":"(anonymous_66)","decl":{"start":{"line":814,"column":15},"end":{"line":814,"column":16}},"loc":{"start":{"line":814,"column":31},"end":{"line":815,"column":9}},"line":814},"67":{"name":"postAddReq","decl":{"start":{"line":820,"column":9},"end":{"line":820,"column":19}},"loc":{"start":{"line":820,"column":22},"end":{"line":862,"column":1}},"line":820},"68":{"name":"setNewReq","decl":{"start":{"line":864,"column":9},"end":{"line":864,"column":18}},"loc":{"start":{"line":864,"column":23},"end":{"line":876,"column":1}},"line":864},"69":{"name":"(anonymous_69)","decl":{"start":{"line":871,"column":17},"end":{"line":871,"column":18}},"loc":{"start":{"line":871,"column":33},"end":{"line":872,"column":9}},"line":871},"70":{"name":"(anonymous_70)","decl":{"start":{"line":873,"column":15},"end":{"line":873,"column":16}},"loc":{"start":{"line":873,"column":31},"end":{"line":874,"column":9}},"line":873},"71":{"name":"postSignUpReq","decl":{"start":{"line":879,"column":9},"end":{"line":879,"column":22}},"loc":{"start":{"line":879,"column":25},"end":{"line":885,"column":1}},"line":879},"72":{"name":"setNewUser","decl":{"start":{"line":887,"column":9},"end":{"line":887,"column":19}},"loc":{"start":{"line":887,"column":25},"end":{"line":899,"column":1}},"line":887},"73":{"name":"(anonymous_73)","decl":{"start":{"line":894,"column":17},"end":{"line":894,"column":18}},"loc":{"start":{"line":894,"column":33},"end":{"line":895,"column":9}},"line":894},"74":{"name":"(anonymous_74)","decl":{"start":{"line":896,"column":15},"end":{"line":896,"column":16}},"loc":{"start":{"line":896,"column":31},"end":{"line":897,"column":9}},"line":896},"75":{"name":"postSaveReq","decl":{"start":{"line":902,"column":9},"end":{"line":902,"column":20}},"loc":{"start":{"line":902,"column":23},"end":{"line":920,"column":1}},"line":902},"76":{"name":"addRecInFav","decl":{"start":{"line":922,"column":9},"end":{"line":922,"column":20}},"loc":{"start":{"line":922,"column":33},"end":{"line":934,"column":1}},"line":922},"77":{"name":"(anonymous_77)","decl":{"start":{"line":928,"column":17},"end":{"line":928,"column":18}},"loc":{"start":{"line":928,"column":33},"end":{"line":930,"column":9}},"line":928},"78":{"name":"(anonymous_78)","decl":{"start":{"line":931,"column":15},"end":{"line":931,"column":16}},"loc":{"start":{"line":931,"column":31},"end":{"line":932,"column":9}},"line":931},"79":{"name":"deleteRecFromFav","decl":{"start":{"line":936,"column":9},"end":{"line":936,"column":25}},"loc":{"start":{"line":936,"column":38},"end":{"line":947,"column":1}},"line":936},"80":{"name":"(anonymous_80)","decl":{"start":{"line":942,"column":17},"end":{"line":942,"column":18}},"loc":{"start":{"line":942,"column":33},"end":{"line":943,"column":9}},"line":942},"81":{"name":"(anonymous_81)","decl":{"start":{"line":944,"column":15},"end":{"line":944,"column":16}},"loc":{"start":{"line":944,"column":31},"end":{"line":945,"column":9}},"line":944}},"branchMap":{"0":{"loc":{"start":{"line":15,"column":4},"end":{"line":23,"column":5}},"type":"if","locations":[{"start":{"line":15,"column":4},"end":{"line":23,"column":5}},{"start":{"line":19,"column":11},"end":{"line":23,"column":5}}],"line":15},"1":{"loc":{"start":{"line":51,"column":8},"end":{"line":55,"column":9}},"type":"if","locations":[{"start":{"line":51,"column":8},"end":{"line":55,"column":9}},{"start":{},"end":{}}],"line":51},"2":{"loc":{"start":{"line":76,"column":8},"end":{"line":78,"column":9}},"type":"if","locations":[{"start":{"line":76,"column":8},"end":{"line":78,"column":9}},{"start":{},"end":{}}],"line":76},"3":{"loc":{"start":{"line":113,"column":4},"end":{"line":115,"column":5}},"type":"if","locations":[{"start":{"line":113,"column":4},"end":{"line":115,"column":5}},{"start":{},"end":{}}],"line":113},"4":{"loc":{"start":{"line":117,"column":4},"end":{"line":119,"column":5}},"type":"if","locations":[{"start":{"line":117,"column":4},"end":{"line":119,"column":5}},{"start":{},"end":{}}],"line":117},"5":{"loc":{"start":{"line":121,"column":4},"end":{"line":123,"column":5}},"type":"if","locations":[{"start":{"line":121,"column":4},"end":{"line":123,"column":5}},{"start":{},"end":{}}],"line":121},"6":{"loc":{"start":{"line":163,"column":8},"end":{"line":168,"column":9}},"type":"if","locations":[{"start":{"line":163,"column":8},"end":{"line":168,"column":9}},{"start":{},"end":{}}],"line":163},"7":{"loc":{"start":{"line":164,"column":12},"end":{"line":167,"column":13}},"type":"if","locations":[{"start":{"line":164,"column":12},"end":{"line":167,"column":13}},{"start":{},"end":{}}],"line":164},"8":{"loc":{"start":{"line":164,"column":16},"end":{"line":165,"column":72}},"type":"binary-expr","locations":[{"start":{"line":164,"column":17},"end":{"line":164,"column":67}},{"start":{"line":165,"column":20},"end":{"line":165,"column":71}}],"line":164},"9":{"loc":{"start":{"line":174,"column":12},"end":{"line":177,"column":82}},"type":"binary-expr","locations":[{"start":{"line":174,"column":13},"end":{"line":174,"column":31}},{"start":{"line":174,"column":37},"end":{"line":174,"column":54}},{"start":{"line":175,"column":12},"end":{"line":175,"column":37}},{"start":{"line":175,"column":43},"end":{"line":175,"column":67}},{"start":{"line":176,"column":12},"end":{"line":176,"column":36}},{"start":{"line":176,"column":42},"end":{"line":176,"column":66}},{"start":{"line":177,"column":11},"end":{"line":177,"column":34}},{"start":{"line":177,"column":38},"end":{"line":177,"column":61}},{"start":{"line":177,"column":66},"end":{"line":177,"column":81}}],"line":174},"10":{"loc":{"start":{"line":189,"column":12},"end":{"line":189,"column":58}},"type":"binary-expr","locations":[{"start":{"line":189,"column":13},"end":{"line":189,"column":32}},{"start":{"line":189,"column":38},"end":{"line":189,"column":57}}],"line":189},"11":{"loc":{"start":{"line":247,"column":4},"end":{"line":249,"column":5}},"type":"if","locations":[{"start":{"line":247,"column":4},"end":{"line":249,"column":5}},{"start":{},"end":{}}],"line":247},"12":{"loc":{"start":{"line":259,"column":12},"end":{"line":270,"column":13}},"type":"if","locations":[{"start":{"line":259,"column":12},"end":{"line":270,"column":13}},{"start":{},"end":{}}],"line":259},"13":{"loc":{"start":{"line":265,"column":20},"end":{"line":268,"column":21}},"type":"if","locations":[{"start":{"line":265,"column":20},"end":{"line":268,"column":21}},{"start":{},"end":{}}],"line":265},"14":{"loc":{"start":{"line":287,"column":12},"end":{"line":320,"column":13}},"type":"if","locations":[{"start":{"line":287,"column":12},"end":{"line":320,"column":13}},{"start":{},"end":{}}],"line":287},"15":{"loc":{"start":{"line":340,"column":11},"end":{"line":340,"column":79}},"type":"binary-expr","locations":[{"start":{"line":340,"column":12},"end":{"line":340,"column":31}},{"start":{"line":340,"column":37},"end":{"line":340,"column":56}},{"start":{"line":340,"column":62},"end":{"line":340,"column":78}}],"line":340},"16":{"loc":{"start":{"line":373,"column":8},"end":{"line":384,"column":9}},"type":"if","locations":[{"start":{"line":373,"column":8},"end":{"line":384,"column":9}},{"start":{},"end":{}}],"line":373},"17":{"loc":{"start":{"line":374,"column":12},"end":{"line":376,"column":13}},"type":"if","locations":[{"start":{"line":374,"column":12},"end":{"line":376,"column":13}},{"start":{},"end":{}}],"line":374},"18":{"loc":{"start":{"line":377,"column":12},"end":{"line":379,"column":13}},"type":"if","locations":[{"start":{"line":377,"column":12},"end":{"line":379,"column":13}},{"start":{},"end":{}}],"line":377},"19":{"loc":{"start":{"line":402,"column":12},"end":{"line":411,"column":13}},"type":"if","locations":[{"start":{"line":402,"column":12},"end":{"line":411,"column":13}},{"start":{},"end":{}}],"line":402},"20":{"loc":{"start":{"line":407,"column":20},"end":{"line":409,"column":21}},"type":"if","locations":[{"start":{"line":407,"column":20},"end":{"line":409,"column":21}},{"start":{},"end":{}}],"line":407},"21":{"loc":{"start":{"line":425,"column":12},"end":{"line":434,"column":13}},"type":"if","locations":[{"start":{"line":425,"column":12},"end":{"line":434,"column":13}},{"start":{},"end":{}}],"line":425},"22":{"loc":{"start":{"line":430,"column":20},"end":{"line":432,"column":21}},"type":"if","locations":[{"start":{"line":430,"column":20},"end":{"line":432,"column":21}},{"start":{},"end":{}}],"line":430},"23":{"loc":{"start":{"line":447,"column":4},"end":{"line":455,"column":5}},"type":"if","locations":[{"start":{"line":447,"column":4},"end":{"line":455,"column":5}},{"start":{"line":452,"column":11},"end":{"line":455,"column":5}}],"line":447},"24":{"loc":{"start":{"line":447,"column":8},"end":{"line":447,"column":44}},"type":"binary-expr","locations":[{"start":{"line":447,"column":8},"end":{"line":447,"column":23}},{"start":{"line":447,"column":27},"end":{"line":447,"column":44}}],"line":447},"25":{"loc":{"start":{"line":452,"column":11},"end":{"line":455,"column":5}},"type":"if","locations":[{"start":{"line":452,"column":11},"end":{"line":455,"column":5}},{"start":{},"end":{}}],"line":452},"26":{"loc":{"start":{"line":452,"column":15},"end":{"line":452,"column":91}},"type":"binary-expr","locations":[{"start":{"line":452,"column":15},"end":{"line":452,"column":30}},{"start":{"line":452,"column":34},"end":{"line":452,"column":49}},{"start":{"line":452,"column":53},"end":{"line":452,"column":70}},{"start":{"line":452,"column":74},"end":{"line":452,"column":91}}],"line":452},"27":{"loc":{"start":{"line":472,"column":12},"end":{"line":520,"column":13}},"type":"if","locations":[{"start":{"line":472,"column":12},"end":{"line":520,"column":13}},{"start":{},"end":{}}],"line":472},"28":{"loc":{"start":{"line":504,"column":20},"end":{"line":506,"column":21}},"type":"if","locations":[{"start":{"line":504,"column":20},"end":{"line":506,"column":21}},{"start":{},"end":{}}],"line":504},"29":{"loc":{"start":{"line":514,"column":20},"end":{"line":517,"column":21}},"type":"if","locations":[{"start":{"line":514,"column":20},"end":{"line":517,"column":21}},{"start":{},"end":{}}],"line":514},"30":{"loc":{"start":{"line":514,"column":24},"end":{"line":514,"column":56}},"type":"binary-expr","locations":[{"start":{"line":514,"column":25},"end":{"line":514,"column":32}},{"start":{"line":514,"column":38},"end":{"line":514,"column":55}}],"line":514},"31":{"loc":{"start":{"line":534,"column":12},"end":{"line":580,"column":13}},"type":"if","locations":[{"start":{"line":534,"column":12},"end":{"line":580,"column":13}},{"start":{},"end":{}}],"line":534},"32":{"loc":{"start":{"line":563,"column":20},"end":{"line":566,"column":21}},"type":"if","locations":[{"start":{"line":563,"column":20},"end":{"line":566,"column":21}},{"start":{},"end":{}}],"line":563},"33":{"loc":{"start":{"line":573,"column":20},"end":{"line":576,"column":21}},"type":"if","locations":[{"start":{"line":573,"column":20},"end":{"line":576,"column":21}},{"start":{},"end":{}}],"line":573},"34":{"loc":{"start":{"line":573,"column":24},"end":{"line":573,"column":56}},"type":"binary-expr","locations":[{"start":{"line":573,"column":25},"end":{"line":573,"column":32}},{"start":{"line":573,"column":38},"end":{"line":573,"column":55}}],"line":573},"35":{"loc":{"start":{"line":620,"column":16},"end":{"line":623,"column":17}},"type":"if","locations":[{"start":{"line":620,"column":16},"end":{"line":623,"column":17}},{"start":{},"end":{}}],"line":620},"36":{"loc":{"start":{"line":636,"column":4},"end":{"line":645,"column":5}},"type":"if","locations":[{"start":{"line":636,"column":4},"end":{"line":645,"column":5}},{"start":{},"end":{}}],"line":636},"37":{"loc":{"start":{"line":641,"column":12},"end":{"line":643,"column":13}},"type":"if","locations":[{"start":{"line":641,"column":12},"end":{"line":643,"column":13}},{"start":{},"end":{}}],"line":641},"38":{"loc":{"start":{"line":669,"column":12},"end":{"line":678,"column":13}},"type":"if","locations":[{"start":{"line":669,"column":12},"end":{"line":678,"column":13}},{"start":{},"end":{}}],"line":669},"39":{"loc":{"start":{"line":674,"column":20},"end":{"line":676,"column":21}},"type":"if","locations":[{"start":{"line":674,"column":20},"end":{"line":676,"column":21}},{"start":{},"end":{}}],"line":674},"40":{"loc":{"start":{"line":703,"column":4},"end":{"line":705,"column":5}},"type":"if","locations":[{"start":{"line":703,"column":4},"end":{"line":705,"column":5}},{"start":{},"end":{}}],"line":703},"41":{"loc":{"start":{"line":709,"column":4},"end":{"line":711,"column":5}},"type":"if","locations":[{"start":{"line":709,"column":4},"end":{"line":711,"column":5}},{"start":{},"end":{}}],"line":709},"42":{"loc":{"start":{"line":732,"column":12},"end":{"line":812,"column":13}},"type":"if","locations":[{"start":{"line":732,"column":12},"end":{"line":812,"column":13}},{"start":{},"end":{}}],"line":732},"43":{"loc":{"start":{"line":761,"column":20},"end":{"line":764,"column":21}},"type":"if","locations":[{"start":{"line":761,"column":20},"end":{"line":764,"column":21}},{"start":{},"end":{}}],"line":761},"44":{"loc":{"start":{"line":799,"column":20},"end":{"line":802,"column":21}},"type":"if","locations":[{"start":{"line":799,"column":20},"end":{"line":802,"column":21}},{"start":{},"end":{}}],"line":799},"45":{"loc":{"start":{"line":903,"column":4},"end":{"line":918,"column":5}},"type":"if","locations":[{"start":{"line":903,"column":4},"end":{"line":918,"column":5}},{"start":{"line":911,"column":11},"end":{"line":918,"column":5}}],"line":903},"46":{"loc":{"start":{"line":911,"column":11},"end":{"line":918,"column":5}},"type":"if","locations":[{"start":{"line":911,"column":11},"end":{"line":918,"column":5}},{"start":{},"end":{}}],"line":911}},"s":{"0":1,"1":1,"2":1,"3":1,"4":1,"5":0,"6":0,"7":0,"8":0,"9":0,"10":0,"11":0,"12":0,"13":0,"14":0,"15":0,"16":0,"17":0,"18":0,"19":0,"20":0,"21":0,"22":0,"23":0,"24":0,"25":0,"26":0,"27":0,"28":2,"29":2,"30":3,"31":3,"32":0,"33":0,"34":0,"35":0,"36":0,"37":0,"38":0,"39":0,"40":0,"41":0,"42":0,"43":0,"44":0,"45":0,"46":0,"47":0,"48":0,"49":0,"50":0,"51":0,"52":0,"53":0,"54":0,"55":0,"56":0,"57":0,"58":0,"59":0,"60":0,"61":0,"62":0,"63":0,"64":0,"65":0,"66":0,"67":0,"68":0,"69":0,"70":0,"71":0,"72":0,"73":0,"74":0,"75":10,"76":0,"77":0,"78":0,"79":3,"80":0,"81":0,"82":0,"83":0,"84":0,"85":0,"86":0,"87":0,"88":0,"89":0,"90":0,"91":0,"92":0,"93":0,"94":0,"95":0,"96":0,"97":0,"98":0,"99":0,"100":0,"101":0,"102":0,"103":0,"104":0,"105":1,"106":1,"107":0,"108":0,"109":0,"110":0,"111":0,"112":0,"113":0,"114":1,"115":1,"116":1,"117":1,"118":0,"119":0,"120":0,"121":0,"122":0,"123":0,"124":0,"125":0,"126":0,"127":0,"128":0,"129":0,"130":0,"131":0,"132":0,"133":0,"134":0,"135":0,"136":0,"137":0,"138":0,"139":4,"140":1,"141":1,"142":0,"143":0,"144":0,"145":0,"146":0,"147":0,"148":0,"149":0,"150":0,"151":0,"152":0,"153":0,"154":0,"155":0,"156":0,"157":0,"158":0,"159":0,"160":0,"161":0,"162":0,"163":0,"164":0,"165":0,"166":0,"167":0,"168":0,"169":1,"170":1,"171":1,"172":1,"173":0,"174":0,"175":0,"176":0,"177":0,"178":1,"179":1,"180":1,"181":1,"182":0,"183":0,"184":0,"185":0,"186":0,"187":0,"188":0,"189":0,"190":0,"191":0,"192":0,"193":0,"194":0,"195":0,"196":3,"197":3,"198":1,"199":1,"200":0,"201":0,"202":0,"203":0,"204":0,"205":0,"206":0,"207":0,"208":0,"209":0,"210":0,"211":0,"212":0,"213":0,"214":0,"215":0,"216":0,"217":0,"218":0,"219":0,"220":0,"221":0,"222":0,"223":0,"224":0,"225":0,"226":0,"227":3,"228":3,"229":0,"230":0,"231":0,"232":0,"233":0,"234":0,"235":0,"236":0,"237":0,"238":0,"239":0,"240":0,"241":0,"242":0,"243":0,"244":0,"245":0,"246":0,"247":0,"248":0,"249":0,"250":0,"251":0,"252":0,"253":0,"254":0,"255":0,"256":0,"257":1,"258":1,"259":1,"260":1,"261":1,"262":1,"263":0,"264":0,"265":0,"266":0,"267":0,"268":0,"269":0,"270":0,"271":0,"272":0,"273":0,"274":0,"275":0,"276":0,"277":0,"278":1,"279":1,"280":1,"281":0,"282":0,"283":0,"284":0,"285":0,"286":1,"287":1,"288":1,"289":1,"290":1,"291":1,"292":0,"293":0,"294":0,"295":0,"296":0,"297":0,"298":0,"299":0,"300":0,"301":0,"302":1,"303":0,"304":0,"305":0,"306":0,"307":0,"308":0,"309":0,"310":2,"311":2,"312":1,"313":1,"314":1,"315":0,"316":0,"317":0,"318":0,"319":0,"320":0,"321":0,"322":0,"323":0,"324":0,"325":0,"326":0,"327":0,"328":0,"329":0,"330":0,"331":0,"332":0,"333":0,"334":0,"335":0,"336":0,"337":0,"338":0,"339":0,"340":0,"341":0,"342":0,"343":0,"344":0,"345":0,"346":0,"347":0,"348":0,"349":0,"350":0,"351":0,"352":0,"353":0,"354":0,"355":0,"356":0,"357":0,"358":0,"359":0,"360":0,"361":0,"362":0,"363":0,"364":0,"365":0,"366":0,"367":0,"368":0,"369":0,"370":0,"371":0,"372":0,"373":0,"374":0,"375":0,"376":0,"377":0,"378":1,"379":0,"380":1,"381":0,"382":0,"383":0,"384":0,"385":0,"386":0,"387":1,"388":1,"389":1},"f":{"0":0,"1":0,"2":2,"3":3,"4":0,"5":0,"6":0,"7":0,"8":10,"9":0,"10":3,"11":0,"12":0,"13":0,"14":0,"15":0,"16":1,"17":1,"18":0,"19":1,"20":1,"21":0,"22":0,"23":4,"24":0,"25":0,"26":0,"27":0,"28":0,"29":0,"30":1,"31":1,"32":0,"33":1,"34":1,"35":0,"36":0,"37":3,"38":1,"39":1,"40":0,"41":0,"42":3,"43":3,"44":0,"45":0,"46":1,"47":1,"48":0,"49":0,"50":1,"51":1,"52":1,"53":0,"54":1,"55":1,"56":0,"57":0,"58":0,"59":0,"60":2,"61":1,"62":1,"63":1,"64":0,"65":0,"66":0,"67":0,"68":1,"69":1,"70":0,"71":0,"72":1,"73":1,"74":0,"75":0,"76":1,"77":1,"78":0,"79":1,"80":1,"81":0},"b":{"0":[0,0],"1":[0,0],"2":[0,0],"3":[0,0],"4":[0,0],"5":[0,0],"6":[0,0],"7":[0,0],"8":[0,0],"9":[10,9,8,7,6,5,4,3,2],"10":[3,2],"11":[0,0],"12":[0,1],"13":[0,0],"14":[0,1],"15":[4,3,2],"16":[0,0],"17":[0,0],"18":[0,0],"19":[1,0],"20":[0,0],"21":[1,0],"22":[0,0],"23":[0,0],"24":[0,0],"25":[0,0],"26":[0,0,0,0],"27":[0,1],"28":[0,0],"29":[0,0],"30":[0,0],"31":[0,3],"32":[0,0],"33":[0,0],"34":[0,0],"35":[0,0],"36":[1,0],"37":[0,0],"38":[1,0],"39":[0,0],"40":[0,0],"41":[0,0],"42":[0,1],"43":[0,0],"44":[0,0],"45":[0,0],"46":[0,0]},"_coverageSchema":"1a1c01bbd47fc00a2c39e90264f33305004495a9","hash":"226457e994dcc4567788747480203ac194f9ee26"}
}
