{"D:\\gitHub\\Povarenok\\Frontend\\js\\function.js": {"path":"D:\\gitHub\\Povarenok\\Frontend\\js\\function.js","statementMap":{"0":{"start":{"line":2,"column":18},"end":{"line":2,"column":36}},"1":{"start":{"line":3,"column":19},"end":{"line":3,"column":34}},"2":{"start":{"line":4,"column":10},"end":{"line":4,"column":39}},"3":{"start":{"line":6,"column":20},"end":{"line":6,"column":21}},"4":{"start":{"line":7,"column":17},"end":{"line":7,"column":20}},"5":{"start":{"line":12,"column":19},"end":{"line":12,"column":82}},"6":{"start":{"line":14,"column":22},"end":{"line":14,"column":51}},"7":{"start":{"line":16,"column":4},"end":{"line":24,"column":5}},"8":{"start":{"line":17,"column":8},"end":{"line":19,"column":22}},"9":{"start":{"line":21,"column":8},"end":{"line":23,"column":22}},"10":{"start":{"line":26,"column":4},"end":{"line":26,"column":63}},"11":{"start":{"line":30,"column":4},"end":{"line":30,"column":57}},"12":{"start":{"line":31,"column":4},"end":{"line":31,"column":56}},"13":{"start":{"line":32,"column":4},"end":{"line":32,"column":55}},"14":{"start":{"line":34,"column":4},"end":{"line":35,"column":70}},"15":{"start":{"line":37,"column":4},"end":{"line":38,"column":68}},"16":{"start":{"line":40,"column":4},"end":{"line":41,"column":71}},"17":{"start":{"line":43,"column":4},"end":{"line":44,"column":70}},"18":{"start":{"line":47,"column":4},"end":{"line":57,"column":5}},"19":{"start":{"line":47,"column":17},"end":{"line":47,"column":31}},"20":{"start":{"line":48,"column":23},"end":{"line":48,"column":40}},"21":{"start":{"line":49,"column":22},"end":{"line":49,"column":38}},"22":{"start":{"line":50,"column":23},"end":{"line":50,"column":38}},"23":{"start":{"line":52,"column":8},"end":{"line":56,"column":9}},"24":{"start":{"line":53,"column":12},"end":{"line":53,"column":114}},"25":{"start":{"line":54,"column":12},"end":{"line":54,"column":112}},"26":{"start":{"line":55,"column":12},"end":{"line":55,"column":114}},"27":{"start":{"line":59,"column":4},"end":{"line":59,"column":25}},"28":{"start":{"line":63,"column":4},"end":{"line":63,"column":21}},"29":{"start":{"line":64,"column":4},"end":{"line":64,"column":22}},"30":{"start":{"line":68,"column":4},"end":{"line":68,"column":19}},"31":{"start":{"line":69,"column":4},"end":{"line":69,"column":17}},"32":{"start":{"line":73,"column":4},"end":{"line":73,"column":63}},"33":{"start":{"line":74,"column":4},"end":{"line":80,"column":5}},"34":{"start":{"line":74,"column":17},"end":{"line":74,"column":18}},"35":{"start":{"line":75,"column":23},"end":{"line":75,"column":40}},"36":{"start":{"line":77,"column":8},"end":{"line":79,"column":9}},"37":{"start":{"line":78,"column":12},"end":{"line":78,"column":71}},"38":{"start":{"line":82,"column":4},"end":{"line":82,"column":49}},"39":{"start":{"line":83,"column":4},"end":{"line":83,"column":20}},"40":{"start":{"line":85,"column":19},"end":{"line":85,"column":48}},"41":{"start":{"line":86,"column":18},"end":{"line":86,"column":46}},"42":{"start":{"line":87,"column":19},"end":{"line":87,"column":46}},"43":{"start":{"line":89,"column":16},"end":{"line":89,"column":45}},"44":{"start":{"line":90,"column":4},"end":{"line":93,"column":43}},"45":{"start":{"line":95,"column":16},"end":{"line":95,"column":45}},"46":{"start":{"line":96,"column":4},"end":{"line":100,"column":23}},"47":{"start":{"line":102,"column":17},"end":{"line":102,"column":46}},"48":{"start":{"line":103,"column":4},"end":{"line":108,"column":23}},"49":{"start":{"line":110,"column":4},"end":{"line":110,"column":57}},"50":{"start":{"line":111,"column":4},"end":{"line":111,"column":57}},"51":{"start":{"line":112,"column":4},"end":{"line":112,"column":58}},"52":{"start":{"line":114,"column":4},"end":{"line":116,"column":5}},"53":{"start":{"line":115,"column":8},"end":{"line":115,"column":105}},"54":{"start":{"line":115,"column":74},"end":{"line":115,"column":103}},"55":{"start":{"line":118,"column":4},"end":{"line":120,"column":5}},"56":{"start":{"line":119,"column":8},"end":{"line":119,"column":88}},"57":{"start":{"line":122,"column":4},"end":{"line":124,"column":5}},"58":{"start":{"line":123,"column":8},"end":{"line":123,"column":89}},"59":{"start":{"line":126,"column":4},"end":{"line":126,"column":68}},"60":{"start":{"line":127,"column":4},"end":{"line":127,"column":67}},"61":{"start":{"line":128,"column":4},"end":{"line":128,"column":73}},"62":{"start":{"line":132,"column":4},"end":{"line":132,"column":15}},"63":{"start":{"line":134,"column":4},"end":{"line":135,"column":70}},"64":{"start":{"line":137,"column":4},"end":{"line":138,"column":68}},"65":{"start":{"line":140,"column":4},"end":{"line":141,"column":71}},"66":{"start":{"line":143,"column":4},"end":{"line":144,"column":70}},"67":{"start":{"line":149,"column":4},"end":{"line":158,"column":22}},"68":{"start":{"line":160,"column":4},"end":{"line":170,"column":5}},"69":{"start":{"line":160,"column":17},"end":{"line":160,"column":18}},"70":{"start":{"line":161,"column":23},"end":{"line":161,"column":40}},"71":{"start":{"line":162,"column":22},"end":{"line":162,"column":38}},"72":{"start":{"line":164,"column":8},"end":{"line":169,"column":9}},"73":{"start":{"line":165,"column":12},"end":{"line":168,"column":13}},"74":{"start":{"line":167,"column":16},"end":{"line":167,"column":75}},"75":{"start":{"line":175,"column":4},"end":{"line":178,"column":85}},"76":{"start":{"line":182,"column":4},"end":{"line":184,"column":56}},"77":{"start":{"line":186,"column":4},"end":{"line":186,"column":80}},"78":{"start":{"line":187,"column":4},"end":{"line":187,"column":38}},"79":{"start":{"line":191,"column":4},"end":{"line":191,"column":61}},"80":{"start":{"line":195,"column":4},"end":{"line":195,"column":79}},"81":{"start":{"line":199,"column":4},"end":{"line":199,"column":82}},"82":{"start":{"line":200,"column":4},"end":{"line":200,"column":77}},"83":{"start":{"line":204,"column":4},"end":{"line":204,"column":27}},"84":{"start":{"line":205,"column":4},"end":{"line":205,"column":46}},"85":{"start":{"line":221,"column":4},"end":{"line":221,"column":18}},"86":{"start":{"line":223,"column":14},"end":{"line":223,"column":17}},"87":{"start":{"line":224,"column":17},"end":{"line":224,"column":19}},"88":{"start":{"line":226,"column":21},"end":{"line":226,"column":72}},"89":{"start":{"line":227,"column":4},"end":{"line":227,"column":76}},"90":{"start":{"line":229,"column":4},"end":{"line":229,"column":93}},"91":{"start":{"line":231,"column":20},"end":{"line":231,"column":74}},"92":{"start":{"line":232,"column":4},"end":{"line":232,"column":74}},"93":{"start":{"line":234,"column":20},"end":{"line":234,"column":74}},"94":{"start":{"line":235,"column":4},"end":{"line":235,"column":74}},"95":{"start":{"line":236,"column":4},"end":{"line":236,"column":82}},"96":{"start":{"line":238,"column":4},"end":{"line":238,"column":109}},"97":{"start":{"line":239,"column":4},"end":{"line":239,"column":117}},"98":{"start":{"line":241,"column":4},"end":{"line":241,"column":120}},"99":{"start":{"line":243,"column":18},"end":{"line":243,"column":80}},"100":{"start":{"line":244,"column":19},"end":{"line":244,"column":82}},"101":{"start":{"line":245,"column":16},"end":{"line":245,"column":46}},"102":{"start":{"line":247,"column":4},"end":{"line":247,"column":27}},"103":{"start":{"line":249,"column":4},"end":{"line":251,"column":5}},"104":{"start":{"line":250,"column":8},"end":{"line":250,"column":43}},"105":{"start":{"line":255,"column":4},"end":{"line":276,"column":7}},"106":{"start":{"line":261,"column":12},"end":{"line":272,"column":13}},"107":{"start":{"line":262,"column":34},"end":{"line":262,"column":61}},"108":{"start":{"line":264,"column":16},"end":{"line":271,"column":17}},"109":{"start":{"line":264,"column":29},"end":{"line":264,"column":30}},"110":{"start":{"line":265,"column":34},"end":{"line":265,"column":96}},"111":{"start":{"line":266,"column":32},"end":{"line":266,"column":63}},"112":{"start":{"line":267,"column":20},"end":{"line":270,"column":21}},"113":{"start":{"line":268,"column":24},"end":{"line":268,"column":100}},"114":{"start":{"line":280,"column":15},"end":{"line":280,"column":65}},"115":{"start":{"line":281,"column":14},"end":{"line":281,"column":16}},"116":{"start":{"line":283,"column":4},"end":{"line":326,"column":7}},"117":{"start":{"line":289,"column":12},"end":{"line":322,"column":13}},"118":{"start":{"line":290,"column":16},"end":{"line":292,"column":17}},"119":{"start":{"line":291,"column":20},"end":{"line":291,"column":40}},"120":{"start":{"line":294,"column":16},"end":{"line":294,"column":74}},"121":{"start":{"line":296,"column":16},"end":{"line":296,"column":73}},"122":{"start":{"line":298,"column":16},"end":{"line":298,"column":75}},"123":{"start":{"line":300,"column":16},"end":{"line":300,"column":73}},"124":{"start":{"line":302,"column":16},"end":{"line":302,"column":77}},"125":{"start":{"line":304,"column":16},"end":{"line":304,"column":76}},"126":{"start":{"line":306,"column":29},"end":{"line":306,"column":31}},"127":{"start":{"line":308,"column":16},"end":{"line":311,"column":17}},"128":{"start":{"line":308,"column":29},"end":{"line":308,"column":30}},"129":{"start":{"line":309,"column":30},"end":{"line":309,"column":35}},"130":{"start":{"line":310,"column":20},"end":{"line":310,"column":103}},"131":{"start":{"line":312,"column":16},"end":{"line":312,"column":73}},"132":{"start":{"line":315,"column":16},"end":{"line":315,"column":81}},"133":{"start":{"line":317,"column":16},"end":{"line":317,"column":74}},"134":{"start":{"line":319,"column":26},"end":{"line":319,"column":50}},"135":{"start":{"line":321,"column":16},"end":{"line":321,"column":81}},"136":{"start":{"line":331,"column":4},"end":{"line":335,"column":6}},"137":{"start":{"line":337,"column":4},"end":{"line":337,"column":45}},"138":{"start":{"line":338,"column":4},"end":{"line":338,"column":38}},"139":{"start":{"line":342,"column":4},"end":{"line":342,"column":81}},"140":{"start":{"line":352,"column":21},"end":{"line":352,"column":26}},"141":{"start":{"line":353,"column":21},"end":{"line":353,"column":26}},"142":{"start":{"line":356,"column":18},"end":{"line":356,"column":45}},"143":{"start":{"line":357,"column":4},"end":{"line":357,"column":21}},"144":{"start":{"line":358,"column":22},"end":{"line":358,"column":60}},"145":{"start":{"line":360,"column":4},"end":{"line":363,"column":6}},"146":{"start":{"line":361,"column":8},"end":{"line":361,"column":27}},"147":{"start":{"line":362,"column":8},"end":{"line":362,"column":44}},"148":{"start":{"line":364,"column":4},"end":{"line":367,"column":6}},"149":{"start":{"line":365,"column":8},"end":{"line":365,"column":27}},"150":{"start":{"line":366,"column":8},"end":{"line":366,"column":47}},"151":{"start":{"line":368,"column":4},"end":{"line":370,"column":6}},"152":{"start":{"line":369,"column":8},"end":{"line":369,"column":27}},"153":{"start":{"line":371,"column":4},"end":{"line":389,"column":6}},"154":{"start":{"line":372,"column":8},"end":{"line":372,"column":27}},"155":{"start":{"line":373,"column":8},"end":{"line":373,"column":37}},"156":{"start":{"line":374,"column":8},"end":{"line":374,"column":48}},"157":{"start":{"line":375,"column":8},"end":{"line":386,"column":9}},"158":{"start":{"line":376,"column":12},"end":{"line":378,"column":13}},"159":{"start":{"line":377,"column":16},"end":{"line":377,"column":59}},"160":{"start":{"line":379,"column":12},"end":{"line":381,"column":13}},"161":{"start":{"line":380,"column":16},"end":{"line":380,"column":66}},"162":{"start":{"line":383,"column":12},"end":{"line":383,"column":86}},"163":{"start":{"line":384,"column":12},"end":{"line":384,"column":108}},"164":{"start":{"line":385,"column":12},"end":{"line":385,"column":33}},"165":{"start":{"line":388,"column":8},"end":{"line":388,"column":47}},"166":{"start":{"line":391,"column":4},"end":{"line":391,"column":25}},"167":{"start":{"line":392,"column":4},"end":{"line":392,"column":28}},"168":{"start":{"line":394,"column":4},"end":{"line":394,"column":18}},"169":{"start":{"line":398,"column":4},"end":{"line":417,"column":7}},"170":{"start":{"line":404,"column":12},"end":{"line":413,"column":13}},"171":{"start":{"line":405,"column":16},"end":{"line":412,"column":17}},"172":{"start":{"line":405,"column":29},"end":{"line":405,"column":30}},"173":{"start":{"line":406,"column":33},"end":{"line":406,"column":65}},"174":{"start":{"line":407,"column":20},"end":{"line":407,"column":112}},"175":{"start":{"line":408,"column":20},"end":{"line":408,"column":77}},"176":{"start":{"line":409,"column":20},"end":{"line":411,"column":21}},"177":{"start":{"line":410,"column":24},"end":{"line":410,"column":46}},"178":{"start":{"line":421,"column":4},"end":{"line":440,"column":7}},"179":{"start":{"line":427,"column":12},"end":{"line":436,"column":13}},"180":{"start":{"line":428,"column":16},"end":{"line":435,"column":17}},"181":{"start":{"line":428,"column":29},"end":{"line":428,"column":30}},"182":{"start":{"line":429,"column":33},"end":{"line":429,"column":65}},"183":{"start":{"line":430,"column":20},"end":{"line":430,"column":112}},"184":{"start":{"line":431,"column":20},"end":{"line":431,"column":77}},"185":{"start":{"line":432,"column":20},"end":{"line":434,"column":21}},"186":{"start":{"line":433,"column":24},"end":{"line":433,"column":46}},"187":{"start":{"line":444,"column":4},"end":{"line":444,"column":18}},"188":{"start":{"line":445,"column":18},"end":{"line":445,"column":80}},"189":{"start":{"line":446,"column":18},"end":{"line":446,"column":80}},"190":{"start":{"line":447,"column":18},"end":{"line":447,"column":80}},"191":{"start":{"line":449,"column":4},"end":{"line":457,"column":5}},"192":{"start":{"line":450,"column":24},"end":{"line":450,"column":34}},"193":{"start":{"line":452,"column":8},"end":{"line":452,"column":41}},"194":{"start":{"line":454,"column":11},"end":{"line":457,"column":5}},"195":{"start":{"line":456,"column":8},"end":{"line":456,"column":53}},"196":{"start":{"line":463,"column":4},"end":{"line":463,"column":22}},"197":{"start":{"line":464,"column":4},"end":{"line":464,"column":23}},"198":{"start":{"line":468,"column":4},"end":{"line":526,"column":7}},"199":{"start":{"line":474,"column":12},"end":{"line":522,"column":13}},"200":{"start":{"line":475,"column":39},"end":{"line":475,"column":50}},"201":{"start":{"line":478,"column":16},"end":{"line":478,"column":114}},"202":{"start":{"line":479,"column":16},"end":{"line":479,"column":100}},"203":{"start":{"line":481,"column":16},"end":{"line":481,"column":35}},"204":{"start":{"line":483,"column":16},"end":{"line":483,"column":35}},"205":{"start":{"line":485,"column":16},"end":{"line":520,"column":17}},"206":{"start":{"line":485,"column":29},"end":{"line":485,"column":30}},"207":{"start":{"line":486,"column":38},"end":{"line":486,"column":52}},"208":{"start":{"line":487,"column":39},"end":{"line":487,"column":52}},"209":{"start":{"line":488,"column":42},"end":{"line":488,"column":58}},"210":{"start":{"line":489,"column":43},"end":{"line":489,"column":60}},"211":{"start":{"line":490,"column":43},"end":{"line":490,"column":60}},"212":{"start":{"line":492,"column":32},"end":{"line":492,"column":61}},"213":{"start":{"line":494,"column":34},"end":{"line":494,"column":63}},"214":{"start":{"line":495,"column":30},"end":{"line":495,"column":67}},"215":{"start":{"line":497,"column":20},"end":{"line":502,"column":33}},"216":{"start":{"line":504,"column":20},"end":{"line":504,"column":74}},"217":{"start":{"line":506,"column":20},"end":{"line":508,"column":21}},"218":{"start":{"line":507,"column":24},"end":{"line":507,"column":115}},"219":{"start":{"line":507,"column":94},"end":{"line":507,"column":113}},"220":{"start":{"line":511,"column":20},"end":{"line":511,"column":94}},"221":{"start":{"line":512,"column":20},"end":{"line":512,"column":92}},"222":{"start":{"line":514,"column":20},"end":{"line":514,"column":68}},"223":{"start":{"line":516,"column":20},"end":{"line":519,"column":21}},"224":{"start":{"line":517,"column":24},"end":{"line":517,"column":70}},"225":{"start":{"line":518,"column":24},"end":{"line":518,"column":43}},"226":{"start":{"line":521,"column":16},"end":{"line":521,"column":45}},"227":{"start":{"line":530,"column":4},"end":{"line":586,"column":7}},"228":{"start":{"line":536,"column":12},"end":{"line":582,"column":13}},"229":{"start":{"line":537,"column":39},"end":{"line":537,"column":50}},"230":{"start":{"line":539,"column":16},"end":{"line":539,"column":114}},"231":{"start":{"line":540,"column":16},"end":{"line":540,"column":108}},"232":{"start":{"line":542,"column":16},"end":{"line":542,"column":35}},"233":{"start":{"line":543,"column":16},"end":{"line":543,"column":35}},"234":{"start":{"line":545,"column":16},"end":{"line":579,"column":17}},"235":{"start":{"line":545,"column":29},"end":{"line":545,"column":30}},"236":{"start":{"line":546,"column":38},"end":{"line":546,"column":52}},"237":{"start":{"line":547,"column":39},"end":{"line":547,"column":52}},"238":{"start":{"line":548,"column":42},"end":{"line":548,"column":58}},"239":{"start":{"line":549,"column":43},"end":{"line":549,"column":60}},"240":{"start":{"line":550,"column":43},"end":{"line":550,"column":60}},"241":{"start":{"line":552,"column":32},"end":{"line":552,"column":61}},"242":{"start":{"line":553,"column":34},"end":{"line":553,"column":63}},"243":{"start":{"line":554,"column":30},"end":{"line":554,"column":67}},"244":{"start":{"line":556,"column":20},"end":{"line":561,"column":33}},"245":{"start":{"line":563,"column":20},"end":{"line":563,"column":74}},"246":{"start":{"line":565,"column":20},"end":{"line":568,"column":21}},"247":{"start":{"line":566,"column":24},"end":{"line":567,"column":55}},"248":{"start":{"line":567,"column":34},"end":{"line":567,"column":53}},"249":{"start":{"line":570,"column":20},"end":{"line":570,"column":94}},"250":{"start":{"line":571,"column":20},"end":{"line":571,"column":92}},"251":{"start":{"line":573,"column":20},"end":{"line":573,"column":68}},"252":{"start":{"line":575,"column":20},"end":{"line":578,"column":21}},"253":{"start":{"line":576,"column":24},"end":{"line":576,"column":70}},"254":{"start":{"line":577,"column":24},"end":{"line":577,"column":43}},"255":{"start":{"line":580,"column":16},"end":{"line":580,"column":45}},"256":{"start":{"line":581,"column":16},"end":{"line":581,"column":45}},"257":{"start":{"line":589,"column":15},"end":{"line":589,"column":20}},"258":{"start":{"line":590,"column":15},"end":{"line":590,"column":20}},"259":{"start":{"line":593,"column":4},"end":{"line":593,"column":23}},"260":{"start":{"line":595,"column":4},"end":{"line":634,"column":7}},"261":{"start":{"line":601,"column":12},"end":{"line":630,"column":13}},"262":{"start":{"line":601,"column":25},"end":{"line":601,"column":26}},"263":{"start":{"line":602,"column":34},"end":{"line":602,"column":48}},"264":{"start":{"line":603,"column":35},"end":{"line":603,"column":48}},"265":{"start":{"line":604,"column":38},"end":{"line":604,"column":54}},"266":{"start":{"line":605,"column":39},"end":{"line":605,"column":56}},"267":{"start":{"line":606,"column":39},"end":{"line":606,"column":50}},"268":{"start":{"line":608,"column":28},"end":{"line":608,"column":57}},"269":{"start":{"line":610,"column":26},"end":{"line":610,"column":63}},"270":{"start":{"line":611,"column":30},"end":{"line":611,"column":59}},"271":{"start":{"line":613,"column":16},"end":{"line":618,"column":29}},"272":{"start":{"line":620,"column":16},"end":{"line":620,"column":71}},"273":{"start":{"line":622,"column":16},"end":{"line":625,"column":17}},"274":{"start":{"line":623,"column":20},"end":{"line":624,"column":50}},"275":{"start":{"line":624,"column":30},"end":{"line":624,"column":49}},"276":{"start":{"line":627,"column":16},"end":{"line":627,"column":90}},"277":{"start":{"line":629,"column":16},"end":{"line":629,"column":64}},"278":{"start":{"line":638,"column":4},"end":{"line":647,"column":5}},"279":{"start":{"line":639,"column":8},"end":{"line":646,"column":9}},"280":{"start":{"line":639,"column":21},"end":{"line":639,"column":22}},"281":{"start":{"line":640,"column":25},"end":{"line":640,"column":57}},"282":{"start":{"line":641,"column":12},"end":{"line":641,"column":104}},"283":{"start":{"line":642,"column":12},"end":{"line":642,"column":68}},"284":{"start":{"line":643,"column":12},"end":{"line":645,"column":13}},"285":{"start":{"line":644,"column":16},"end":{"line":644,"column":32}},"286":{"start":{"line":651,"column":4},"end":{"line":661,"column":7}},"287":{"start":{"line":657,"column":12},"end":{"line":657,"column":30}},"288":{"start":{"line":665,"column":4},"end":{"line":684,"column":7}},"289":{"start":{"line":671,"column":12},"end":{"line":680,"column":13}},"290":{"start":{"line":672,"column":16},"end":{"line":679,"column":17}},"291":{"start":{"line":672,"column":29},"end":{"line":672,"column":30}},"292":{"start":{"line":673,"column":33},"end":{"line":673,"column":65}},"293":{"start":{"line":674,"column":20},"end":{"line":674,"column":112}},"294":{"start":{"line":675,"column":20},"end":{"line":675,"column":71}},"295":{"start":{"line":676,"column":20},"end":{"line":678,"column":21}},"296":{"start":{"line":677,"column":24},"end":{"line":677,"column":40}},"297":{"start":{"line":688,"column":4},"end":{"line":688,"column":20}},"298":{"start":{"line":689,"column":4},"end":{"line":689,"column":22}},"299":{"start":{"line":690,"column":4},"end":{"line":690,"column":23}},"300":{"start":{"line":691,"column":4},"end":{"line":691,"column":18}},"301":{"start":{"line":695,"column":4},"end":{"line":695,"column":43}},"302":{"start":{"line":698,"column":11},"end":{"line":698,"column":16}},"303":{"start":{"line":701,"column":19},"end":{"line":701,"column":82}},"304":{"start":{"line":703,"column":22},"end":{"line":703,"column":51}},"305":{"start":{"line":705,"column":4},"end":{"line":707,"column":5}},"306":{"start":{"line":706,"column":8},"end":{"line":706,"column":83}},"307":{"start":{"line":709,"column":4},"end":{"line":709,"column":63}},"308":{"start":{"line":711,"column":4},"end":{"line":713,"column":5}},"309":{"start":{"line":712,"column":8},"end":{"line":712,"column":48}},"310":{"start":{"line":719,"column":4},"end":{"line":719,"column":21}},"311":{"start":{"line":720,"column":4},"end":{"line":720,"column":22}},"312":{"start":{"line":724,"column":4},"end":{"line":724,"column":28}},"313":{"start":{"line":728,"column":4},"end":{"line":818,"column":7}},"314":{"start":{"line":734,"column":12},"end":{"line":814,"column":13}},"315":{"start":{"line":735,"column":36},"end":{"line":735,"column":63}},"316":{"start":{"line":736,"column":34},"end":{"line":736,"column":61}},"317":{"start":{"line":738,"column":16},"end":{"line":738,"column":34}},"318":{"start":{"line":740,"column":16},"end":{"line":740,"column":113}},"319":{"start":{"line":742,"column":16},"end":{"line":774,"column":17}},"320":{"start":{"line":742,"column":29},"end":{"line":742,"column":30}},"321":{"start":{"line":743,"column":38},"end":{"line":743,"column":52}},"322":{"start":{"line":744,"column":39},"end":{"line":744,"column":52}},"323":{"start":{"line":745,"column":42},"end":{"line":745,"column":58}},"324":{"start":{"line":746,"column":43},"end":{"line":746,"column":60}},"325":{"start":{"line":747,"column":44},"end":{"line":747,"column":68}},"326":{"start":{"line":749,"column":32},"end":{"line":749,"column":61}},"327":{"start":{"line":751,"column":30},"end":{"line":751,"column":83}},"328":{"start":{"line":752,"column":34},"end":{"line":752,"column":79}},"329":{"start":{"line":754,"column":20},"end":{"line":759,"column":33}},"330":{"start":{"line":761,"column":20},"end":{"line":761,"column":77}},"331":{"start":{"line":763,"column":20},"end":{"line":766,"column":21}},"332":{"start":{"line":764,"column":24},"end":{"line":765,"column":55}},"333":{"start":{"line":765,"column":34},"end":{"line":765,"column":53}},"334":{"start":{"line":768,"column":20},"end":{"line":768,"column":93}},"335":{"start":{"line":770,"column":20},"end":{"line":770,"column":78}},"336":{"start":{"line":771,"column":20},"end":{"line":771,"column":80}},"337":{"start":{"line":773,"column":20},"end":{"line":773,"column":66}},"338":{"start":{"line":776,"column":16},"end":{"line":776,"column":34}},"339":{"start":{"line":777,"column":16},"end":{"line":778,"column":67}},"340":{"start":{"line":780,"column":16},"end":{"line":812,"column":17}},"341":{"start":{"line":780,"column":29},"end":{"line":780,"column":30}},"342":{"start":{"line":781,"column":38},"end":{"line":781,"column":71}},"343":{"start":{"line":782,"column":39},"end":{"line":782,"column":71}},"344":{"start":{"line":783,"column":42},"end":{"line":783,"column":77}},"345":{"start":{"line":784,"column":43},"end":{"line":784,"column":79}},"346":{"start":{"line":785,"column":44},"end":{"line":785,"column":87}},"347":{"start":{"line":787,"column":32},"end":{"line":787,"column":61}},"348":{"start":{"line":789,"column":30},"end":{"line":789,"column":83}},"349":{"start":{"line":790,"column":34},"end":{"line":790,"column":79}},"350":{"start":{"line":792,"column":20},"end":{"line":797,"column":33}},"351":{"start":{"line":799,"column":20},"end":{"line":799,"column":77}},"352":{"start":{"line":801,"column":20},"end":{"line":804,"column":21}},"353":{"start":{"line":802,"column":24},"end":{"line":803,"column":55}},"354":{"start":{"line":803,"column":34},"end":{"line":803,"column":53}},"355":{"start":{"line":806,"column":20},"end":{"line":806,"column":93}},"356":{"start":{"line":808,"column":20},"end":{"line":808,"column":78}},"357":{"start":{"line":809,"column":20},"end":{"line":809,"column":80}},"358":{"start":{"line":811,"column":20},"end":{"line":811,"column":66}},"359":{"start":{"line":813,"column":16},"end":{"line":813,"column":28}},"360":{"start":{"line":823,"column":19},"end":{"line":823,"column":29}},"361":{"start":{"line":824,"column":18},"end":{"line":824,"column":54}},"362":{"start":{"line":826,"column":14},"end":{"line":826,"column":50}},"363":{"start":{"line":828,"column":17},"end":{"line":828,"column":44}},"364":{"start":{"line":829,"column":4},"end":{"line":829,"column":91}},"365":{"start":{"line":830,"column":4},"end":{"line":830,"column":39}},"366":{"start":{"line":831,"column":4},"end":{"line":831,"column":36}},"367":{"start":{"line":832,"column":4},"end":{"line":832,"column":17}},"368":{"start":{"line":833,"column":4},"end":{"line":833,"column":36}},"369":{"start":{"line":835,"column":22},"end":{"line":835,"column":24}},"370":{"start":{"line":836,"column":14},"end":{"line":836,"column":53}},"371":{"start":{"line":838,"column":4},"end":{"line":850,"column":5}},"372":{"start":{"line":838,"column":17},"end":{"line":838,"column":18}},"373":{"start":{"line":840,"column":23},"end":{"line":840,"column":40}},"374":{"start":{"line":841,"column":22},"end":{"line":841,"column":38}},"375":{"start":{"line":843,"column":25},"end":{"line":847,"column":9}},"376":{"start":{"line":849,"column":8},"end":{"line":849,"column":37}},"377":{"start":{"line":852,"column":4},"end":{"line":863,"column":7}},"378":{"start":{"line":867,"column":4},"end":{"line":877,"column":7}},"379":{"start":{"line":882,"column":4},"end":{"line":886,"column":7}},"380":{"start":{"line":890,"column":4},"end":{"line":900,"column":7}},"381":{"start":{"line":905,"column":4},"end":{"line":920,"column":5}},"382":{"start":{"line":906,"column":8},"end":{"line":906,"column":84}},"383":{"start":{"line":910,"column":8},"end":{"line":911,"column":58}},"384":{"start":{"line":913,"column":11},"end":{"line":920,"column":5}},"385":{"start":{"line":914,"column":8},"end":{"line":914,"column":83}},"386":{"start":{"line":918,"column":8},"end":{"line":919,"column":58}},"387":{"start":{"line":925,"column":4},"end":{"line":935,"column":7}},"388":{"start":{"line":939,"column":4},"end":{"line":948,"column":7}},"389":{"start":{"line":951,"column":0},"end":{"line":957,"column":122}}},"fnMap":{"0":{"name":"setUserName","decl":{"start":{"line":10,"column":9},"end":{"line":10,"column":20}},"loc":{"start":{"line":10,"column":23},"end":{"line":27,"column":1}},"line":10},"1":{"name":"deleteIngBlock","decl":{"start":{"line":29,"column":9},"end":{"line":29,"column":23}},"loc":{"start":{"line":29,"column":28},"end":{"line":60,"column":1}},"line":29},"2":{"name":"setCurrTopIng","decl":{"start":{"line":62,"column":9},"end":{"line":62,"column":22}},"loc":{"start":{"line":62,"column":27},"end":{"line":65,"column":1}},"line":62},"3":{"name":"increasePerem","decl":{"start":{"line":67,"column":9},"end":{"line":67,"column":22}},"loc":{"start":{"line":67,"column":36},"end":{"line":70,"column":1}},"line":67},"4":{"name":"addBlock","decl":{"start":{"line":72,"column":9},"end":{"line":72,"column":17}},"loc":{"start":{"line":72,"column":20},"end":{"line":129,"column":1}},"line":72},"5":{"name":"(anonymous_5)","decl":{"start":{"line":115,"column":68},"end":{"line":115,"column":69}},"loc":{"start":{"line":115,"column":74},"end":{"line":115,"column":103}},"line":115},"6":{"name":"addIngBlock","decl":{"start":{"line":131,"column":9},"end":{"line":131,"column":20}},"loc":{"start":{"line":131,"column":23},"end":{"line":145,"column":1}},"line":131},"7":{"name":"toggleButtonAddRec","decl":{"start":{"line":147,"column":9},"end":{"line":147,"column":27}},"loc":{"start":{"line":147,"column":30},"end":{"line":171,"column":1}},"line":147},"8":{"name":"validRecValue","decl":{"start":{"line":173,"column":9},"end":{"line":173,"column":22}},"loc":{"start":{"line":174,"column":80},"end":{"line":179,"column":1}},"line":174},"9":{"name":"toggleButtonSignIn","decl":{"start":{"line":181,"column":9},"end":{"line":181,"column":27}},"loc":{"start":{"line":181,"column":30},"end":{"line":188,"column":1}},"line":181},"10":{"name":"validSignInValue","decl":{"start":{"line":190,"column":9},"end":{"line":190,"column":25}},"loc":{"start":{"line":190,"column":45},"end":{"line":192,"column":1}},"line":190},"11":{"name":"searchKeywords","decl":{"start":{"line":194,"column":9},"end":{"line":194,"column":23}},"loc":{"start":{"line":194,"column":26},"end":{"line":196,"column":1}},"line":194},"12":{"name":"searchFilters","decl":{"start":{"line":198,"column":9},"end":{"line":198,"column":22}},"loc":{"start":{"line":198,"column":25},"end":{"line":201,"column":1}},"line":198},"13":{"name":"remEvent","decl":{"start":{"line":203,"column":9},"end":{"line":203,"column":17}},"loc":{"start":{"line":203,"column":25},"end":{"line":206,"column":1}},"line":203},"14":{"name":"isCorrectSignIn","decl":{"start":{"line":208,"column":9},"end":{"line":208,"column":24}},"loc":{"start":{"line":208,"column":27},"end":{"line":218,"column":1}},"line":208},"15":{"name":"changeHeightRec","decl":{"start":{"line":220,"column":9},"end":{"line":220,"column":24}},"loc":{"start":{"line":220,"column":27},"end":{"line":252,"column":1}},"line":220},"16":{"name":"getSavedRecByUserName","decl":{"start":{"line":254,"column":9},"end":{"line":254,"column":30}},"loc":{"start":{"line":254,"column":40},"end":{"line":277,"column":1}},"line":254},"17":{"name":"(anonymous_17)","decl":{"start":{"line":260,"column":17},"end":{"line":260,"column":18}},"loc":{"start":{"line":260,"column":33},"end":{"line":273,"column":9}},"line":260},"18":{"name":"(anonymous_18)","decl":{"start":{"line":274,"column":15},"end":{"line":274,"column":16}},"loc":{"start":{"line":274,"column":31},"end":{"line":275,"column":9}},"line":274},"19":{"name":"getRecipeByName","decl":{"start":{"line":279,"column":9},"end":{"line":279,"column":24}},"loc":{"start":{"line":279,"column":31},"end":{"line":327,"column":1}},"line":279},"20":{"name":"(anonymous_20)","decl":{"start":{"line":288,"column":17},"end":{"line":288,"column":18}},"loc":{"start":{"line":288,"column":33},"end":{"line":323,"column":9}},"line":288},"21":{"name":"(anonymous_21)","decl":{"start":{"line":324,"column":15},"end":{"line":324,"column":16}},"loc":{"start":{"line":324,"column":31},"end":{"line":325,"column":9}},"line":324},"22":{"name":"toggleButtonSignUp","decl":{"start":{"line":329,"column":9},"end":{"line":329,"column":27}},"loc":{"start":{"line":329,"column":30},"end":{"line":339,"column":1}},"line":329},"23":{"name":"validSignUpValue","decl":{"start":{"line":341,"column":9},"end":{"line":341,"column":25}},"loc":{"start":{"line":341,"column":52},"end":{"line":343,"column":1}},"line":341},"24":{"name":"isCorrectSignUp","decl":{"start":{"line":345,"column":9},"end":{"line":345,"column":24}},"loc":{"start":{"line":345,"column":27},"end":{"line":347,"column":1}},"line":345},"25":{"name":"dragAndDropFunc","decl":{"start":{"line":355,"column":9},"end":{"line":355,"column":24}},"loc":{"start":{"line":355,"column":27},"end":{"line":395,"column":1}},"line":355},"26":{"name":"(anonymous_26)","decl":{"start":{"line":360,"column":46},"end":{"line":360,"column":47}},"loc":{"start":{"line":360,"column":53},"end":{"line":363,"column":5}},"line":360},"27":{"name":"(anonymous_27)","decl":{"start":{"line":364,"column":46},"end":{"line":364,"column":47}},"loc":{"start":{"line":364,"column":53},"end":{"line":367,"column":5}},"line":364},"28":{"name":"(anonymous_28)","decl":{"start":{"line":368,"column":45},"end":{"line":368,"column":46}},"loc":{"start":{"line":368,"column":52},"end":{"line":370,"column":5}},"line":368},"29":{"name":"(anonymous_29)","decl":{"start":{"line":371,"column":41},"end":{"line":371,"column":42}},"loc":{"start":{"line":371,"column":48},"end":{"line":389,"column":5}},"line":371},"30":{"name":"getCuisinesAddRecHtml","decl":{"start":{"line":397,"column":9},"end":{"line":397,"column":30}},"loc":{"start":{"line":397,"column":32},"end":{"line":418,"column":1}},"line":397},"31":{"name":"(anonymous_31)","decl":{"start":{"line":403,"column":17},"end":{"line":403,"column":18}},"loc":{"start":{"line":403,"column":33},"end":{"line":414,"column":9}},"line":403},"32":{"name":"(anonymous_32)","decl":{"start":{"line":415,"column":15},"end":{"line":415,"column":16}},"loc":{"start":{"line":415,"column":31},"end":{"line":416,"column":9}},"line":415},"33":{"name":"getCategAddRecHtml","decl":{"start":{"line":420,"column":9},"end":{"line":420,"column":27}},"loc":{"start":{"line":420,"column":29},"end":{"line":441,"column":1}},"line":420},"34":{"name":"(anonymous_34)","decl":{"start":{"line":426,"column":17},"end":{"line":426,"column":18}},"loc":{"start":{"line":426,"column":33},"end":{"line":437,"column":9}},"line":426},"35":{"name":"(anonymous_35)","decl":{"start":{"line":438,"column":15},"end":{"line":438,"column":16}},"loc":{"start":{"line":438,"column":31},"end":{"line":439,"column":9}},"line":438},"36":{"name":"loadInfoSearchRec","decl":{"start":{"line":443,"column":9},"end":{"line":443,"column":26}},"loc":{"start":{"line":443,"column":29},"end":{"line":458,"column":1}},"line":443},"37":{"name":"setCurrLeftOff","decl":{"start":{"line":462,"column":9},"end":{"line":462,"column":23}},"loc":{"start":{"line":462,"column":28},"end":{"line":465,"column":1}},"line":462},"38":{"name":"getSearchResByKeyword","decl":{"start":{"line":467,"column":9},"end":{"line":467,"column":30}},"loc":{"start":{"line":467,"column":41},"end":{"line":527,"column":1}},"line":467},"39":{"name":"(anonymous_39)","decl":{"start":{"line":473,"column":17},"end":{"line":473,"column":18}},"loc":{"start":{"line":473,"column":33},"end":{"line":523,"column":9}},"line":473},"40":{"name":"(anonymous_40)","decl":{"start":{"line":507,"column":88},"end":{"line":507,"column":89}},"loc":{"start":{"line":507,"column":94},"end":{"line":507,"column":113}},"line":507},"41":{"name":"(anonymous_41)","decl":{"start":{"line":524,"column":15},"end":{"line":524,"column":16}},"loc":{"start":{"line":524,"column":27},"end":{"line":525,"column":9}},"line":524},"42":{"name":"getSearchResByFilter","decl":{"start":{"line":529,"column":9},"end":{"line":529,"column":29}},"loc":{"start":{"line":529,"column":47},"end":{"line":587,"column":1}},"line":529},"43":{"name":"(anonymous_43)","decl":{"start":{"line":535,"column":17},"end":{"line":535,"column":18}},"loc":{"start":{"line":535,"column":33},"end":{"line":583,"column":9}},"line":535},"44":{"name":"(anonymous_44)","decl":{"start":{"line":567,"column":28},"end":{"line":567,"column":29}},"loc":{"start":{"line":567,"column":34},"end":{"line":567,"column":53}},"line":567},"45":{"name":"(anonymous_45)","decl":{"start":{"line":584,"column":15},"end":{"line":584,"column":16}},"loc":{"start":{"line":584,"column":31},"end":{"line":585,"column":9}},"line":584},"46":{"name":"getRecentRec","decl":{"start":{"line":592,"column":9},"end":{"line":592,"column":21}},"loc":{"start":{"line":592,"column":39},"end":{"line":635,"column":1}},"line":592},"47":{"name":"(anonymous_47)","decl":{"start":{"line":600,"column":17},"end":{"line":600,"column":18}},"loc":{"start":{"line":600,"column":33},"end":{"line":631,"column":9}},"line":600},"48":{"name":"(anonymous_48)","decl":{"start":{"line":624,"column":24},"end":{"line":624,"column":25}},"loc":{"start":{"line":624,"column":30},"end":{"line":624,"column":49}},"line":624},"49":{"name":"(anonymous_49)","decl":{"start":{"line":632,"column":15},"end":{"line":632,"column":16}},"loc":{"start":{"line":632,"column":31},"end":{"line":633,"column":9}},"line":632},"50":{"name":"addCatIndex","decl":{"start":{"line":637,"column":9},"end":{"line":637,"column":20}},"loc":{"start":{"line":637,"column":26},"end":{"line":648,"column":1}},"line":637},"51":{"name":"getCategInIndex","decl":{"start":{"line":650,"column":9},"end":{"line":650,"column":24}},"loc":{"start":{"line":650,"column":26},"end":{"line":662,"column":1}},"line":650},"52":{"name":"(anonymous_52)","decl":{"start":{"line":656,"column":17},"end":{"line":656,"column":18}},"loc":{"start":{"line":656,"column":33},"end":{"line":658,"column":9}},"line":656},"53":{"name":"(anonymous_53)","decl":{"start":{"line":659,"column":15},"end":{"line":659,"column":16}},"loc":{"start":{"line":659,"column":31},"end":{"line":660,"column":9}},"line":659},"54":{"name":"getCuisinesIndex","decl":{"start":{"line":664,"column":9},"end":{"line":664,"column":25}},"loc":{"start":{"line":664,"column":27},"end":{"line":685,"column":1}},"line":664},"55":{"name":"(anonymous_55)","decl":{"start":{"line":670,"column":17},"end":{"line":670,"column":18}},"loc":{"start":{"line":670,"column":33},"end":{"line":681,"column":9}},"line":670},"56":{"name":"(anonymous_56)","decl":{"start":{"line":682,"column":15},"end":{"line":682,"column":16}},"loc":{"start":{"line":682,"column":31},"end":{"line":683,"column":9}},"line":682},"57":{"name":"loadInfoIndexRec","decl":{"start":{"line":687,"column":9},"end":{"line":687,"column":25}},"loc":{"start":{"line":687,"column":28},"end":{"line":692,"column":1}},"line":687},"58":{"name":"setNameRec","decl":{"start":{"line":694,"column":9},"end":{"line":694,"column":19}},"loc":{"start":{"line":694,"column":28},"end":{"line":696,"column":1}},"line":694},"59":{"name":"loadInfoUserRec","decl":{"start":{"line":700,"column":9},"end":{"line":700,"column":24}},"loc":{"start":{"line":700,"column":27},"end":{"line":714,"column":1}},"line":700},"60":{"name":"setCurrTopOff","decl":{"start":{"line":718,"column":9},"end":{"line":718,"column":22}},"loc":{"start":{"line":718,"column":27},"end":{"line":721,"column":1}},"line":718},"61":{"name":"calcHeightBlock","decl":{"start":{"line":723,"column":9},"end":{"line":723,"column":24}},"loc":{"start":{"line":723,"column":29},"end":{"line":725,"column":1}},"line":723},"62":{"name":"getUserSavedAndAddedRecipe","decl":{"start":{"line":727,"column":9},"end":{"line":727,"column":35}},"loc":{"start":{"line":727,"column":45},"end":{"line":819,"column":1}},"line":727},"63":{"name":"(anonymous_63)","decl":{"start":{"line":733,"column":17},"end":{"line":733,"column":18}},"loc":{"start":{"line":733,"column":33},"end":{"line":815,"column":9}},"line":733},"64":{"name":"(anonymous_64)","decl":{"start":{"line":765,"column":28},"end":{"line":765,"column":29}},"loc":{"start":{"line":765,"column":34},"end":{"line":765,"column":53}},"line":765},"65":{"name":"(anonymous_65)","decl":{"start":{"line":803,"column":28},"end":{"line":803,"column":29}},"loc":{"start":{"line":803,"column":34},"end":{"line":803,"column":53}},"line":803},"66":{"name":"(anonymous_66)","decl":{"start":{"line":816,"column":15},"end":{"line":816,"column":16}},"loc":{"start":{"line":816,"column":31},"end":{"line":817,"column":9}},"line":816},"67":{"name":"postAddReq","decl":{"start":{"line":822,"column":9},"end":{"line":822,"column":19}},"loc":{"start":{"line":822,"column":22},"end":{"line":864,"column":1}},"line":822},"68":{"name":"setNewReq","decl":{"start":{"line":866,"column":9},"end":{"line":866,"column":18}},"loc":{"start":{"line":866,"column":23},"end":{"line":878,"column":1}},"line":866},"69":{"name":"(anonymous_69)","decl":{"start":{"line":873,"column":17},"end":{"line":873,"column":18}},"loc":{"start":{"line":873,"column":33},"end":{"line":874,"column":9}},"line":873},"70":{"name":"(anonymous_70)","decl":{"start":{"line":875,"column":15},"end":{"line":875,"column":16}},"loc":{"start":{"line":875,"column":31},"end":{"line":876,"column":9}},"line":875},"71":{"name":"postSignUpReq","decl":{"start":{"line":881,"column":9},"end":{"line":881,"column":22}},"loc":{"start":{"line":881,"column":25},"end":{"line":887,"column":1}},"line":881},"72":{"name":"setNewUser","decl":{"start":{"line":889,"column":9},"end":{"line":889,"column":19}},"loc":{"start":{"line":889,"column":25},"end":{"line":901,"column":1}},"line":889},"73":{"name":"(anonymous_73)","decl":{"start":{"line":896,"column":17},"end":{"line":896,"column":18}},"loc":{"start":{"line":896,"column":33},"end":{"line":897,"column":9}},"line":896},"74":{"name":"(anonymous_74)","decl":{"start":{"line":898,"column":15},"end":{"line":898,"column":16}},"loc":{"start":{"line":898,"column":31},"end":{"line":899,"column":9}},"line":898},"75":{"name":"postSaveReq","decl":{"start":{"line":904,"column":9},"end":{"line":904,"column":20}},"loc":{"start":{"line":904,"column":23},"end":{"line":922,"column":1}},"line":904},"76":{"name":"addRecInFav","decl":{"start":{"line":924,"column":9},"end":{"line":924,"column":20}},"loc":{"start":{"line":924,"column":33},"end":{"line":936,"column":1}},"line":924},"77":{"name":"(anonymous_77)","decl":{"start":{"line":930,"column":17},"end":{"line":930,"column":18}},"loc":{"start":{"line":930,"column":33},"end":{"line":932,"column":9}},"line":930},"78":{"name":"(anonymous_78)","decl":{"start":{"line":933,"column":15},"end":{"line":933,"column":16}},"loc":{"start":{"line":933,"column":31},"end":{"line":934,"column":9}},"line":933},"79":{"name":"deleteRecFromFav","decl":{"start":{"line":938,"column":9},"end":{"line":938,"column":25}},"loc":{"start":{"line":938,"column":38},"end":{"line":949,"column":1}},"line":938},"80":{"name":"(anonymous_80)","decl":{"start":{"line":944,"column":17},"end":{"line":944,"column":18}},"loc":{"start":{"line":944,"column":33},"end":{"line":945,"column":9}},"line":944},"81":{"name":"(anonymous_81)","decl":{"start":{"line":946,"column":15},"end":{"line":946,"column":16}},"loc":{"start":{"line":946,"column":31},"end":{"line":947,"column":9}},"line":946}},"branchMap":{"0":{"loc":{"start":{"line":16,"column":4},"end":{"line":24,"column":5}},"type":"if","locations":[{"start":{"line":16,"column":4},"end":{"line":24,"column":5}},{"start":{"line":20,"column":11},"end":{"line":24,"column":5}}],"line":16},"1":{"loc":{"start":{"line":52,"column":8},"end":{"line":56,"column":9}},"type":"if","locations":[{"start":{"line":52,"column":8},"end":{"line":56,"column":9}},{"start":{},"end":{}}],"line":52},"2":{"loc":{"start":{"line":77,"column":8},"end":{"line":79,"column":9}},"type":"if","locations":[{"start":{"line":77,"column":8},"end":{"line":79,"column":9}},{"start":{},"end":{}}],"line":77},"3":{"loc":{"start":{"line":114,"column":4},"end":{"line":116,"column":5}},"type":"if","locations":[{"start":{"line":114,"column":4},"end":{"line":116,"column":5}},{"start":{},"end":{}}],"line":114},"4":{"loc":{"start":{"line":118,"column":4},"end":{"line":120,"column":5}},"type":"if","locations":[{"start":{"line":118,"column":4},"end":{"line":120,"column":5}},{"start":{},"end":{}}],"line":118},"5":{"loc":{"start":{"line":122,"column":4},"end":{"line":124,"column":5}},"type":"if","locations":[{"start":{"line":122,"column":4},"end":{"line":124,"column":5}},{"start":{},"end":{}}],"line":122},"6":{"loc":{"start":{"line":164,"column":8},"end":{"line":169,"column":9}},"type":"if","locations":[{"start":{"line":164,"column":8},"end":{"line":169,"column":9}},{"start":{},"end":{}}],"line":164},"7":{"loc":{"start":{"line":165,"column":12},"end":{"line":168,"column":13}},"type":"if","locations":[{"start":{"line":165,"column":12},"end":{"line":168,"column":13}},{"start":{},"end":{}}],"line":165},"8":{"loc":{"start":{"line":165,"column":16},"end":{"line":166,"column":72}},"type":"binary-expr","locations":[{"start":{"line":165,"column":17},"end":{"line":165,"column":67}},{"start":{"line":166,"column":20},"end":{"line":166,"column":71}}],"line":165},"9":{"loc":{"start":{"line":175,"column":12},"end":{"line":178,"column":82}},"type":"binary-expr","locations":[{"start":{"line":175,"column":13},"end":{"line":175,"column":31}},{"start":{"line":175,"column":37},"end":{"line":175,"column":54}},{"start":{"line":176,"column":12},"end":{"line":176,"column":37}},{"start":{"line":176,"column":43},"end":{"line":176,"column":67}},{"start":{"line":177,"column":12},"end":{"line":177,"column":36}},{"start":{"line":177,"column":42},"end":{"line":177,"column":66}},{"start":{"line":178,"column":11},"end":{"line":178,"column":34}},{"start":{"line":178,"column":38},"end":{"line":178,"column":61}},{"start":{"line":178,"column":66},"end":{"line":178,"column":81}}],"line":175},"10":{"loc":{"start":{"line":191,"column":12},"end":{"line":191,"column":58}},"type":"binary-expr","locations":[{"start":{"line":191,"column":13},"end":{"line":191,"column":32}},{"start":{"line":191,"column":38},"end":{"line":191,"column":57}}],"line":191},"11":{"loc":{"start":{"line":249,"column":4},"end":{"line":251,"column":5}},"type":"if","locations":[{"start":{"line":249,"column":4},"end":{"line":251,"column":5}},{"start":{},"end":{}}],"line":249},"12":{"loc":{"start":{"line":261,"column":12},"end":{"line":272,"column":13}},"type":"if","locations":[{"start":{"line":261,"column":12},"end":{"line":272,"column":13}},{"start":{},"end":{}}],"line":261},"13":{"loc":{"start":{"line":267,"column":20},"end":{"line":270,"column":21}},"type":"if","locations":[{"start":{"line":267,"column":20},"end":{"line":270,"column":21}},{"start":{},"end":{}}],"line":267},"14":{"loc":{"start":{"line":289,"column":12},"end":{"line":322,"column":13}},"type":"if","locations":[{"start":{"line":289,"column":12},"end":{"line":322,"column":13}},{"start":{},"end":{}}],"line":289},"15":{"loc":{"start":{"line":342,"column":11},"end":{"line":342,"column":79}},"type":"binary-expr","locations":[{"start":{"line":342,"column":12},"end":{"line":342,"column":31}},{"start":{"line":342,"column":37},"end":{"line":342,"column":56}},{"start":{"line":342,"column":62},"end":{"line":342,"column":78}}],"line":342},"16":{"loc":{"start":{"line":375,"column":8},"end":{"line":386,"column":9}},"type":"if","locations":[{"start":{"line":375,"column":8},"end":{"line":386,"column":9}},{"start":{},"end":{}}],"line":375},"17":{"loc":{"start":{"line":376,"column":12},"end":{"line":378,"column":13}},"type":"if","locations":[{"start":{"line":376,"column":12},"end":{"line":378,"column":13}},{"start":{},"end":{}}],"line":376},"18":{"loc":{"start":{"line":379,"column":12},"end":{"line":381,"column":13}},"type":"if","locations":[{"start":{"line":379,"column":12},"end":{"line":381,"column":13}},{"start":{},"end":{}}],"line":379},"19":{"loc":{"start":{"line":404,"column":12},"end":{"line":413,"column":13}},"type":"if","locations":[{"start":{"line":404,"column":12},"end":{"line":413,"column":13}},{"start":{},"end":{}}],"line":404},"20":{"loc":{"start":{"line":409,"column":20},"end":{"line":411,"column":21}},"type":"if","locations":[{"start":{"line":409,"column":20},"end":{"line":411,"column":21}},{"start":{},"end":{}}],"line":409},"21":{"loc":{"start":{"line":427,"column":12},"end":{"line":436,"column":13}},"type":"if","locations":[{"start":{"line":427,"column":12},"end":{"line":436,"column":13}},{"start":{},"end":{}}],"line":427},"22":{"loc":{"start":{"line":432,"column":20},"end":{"line":434,"column":21}},"type":"if","locations":[{"start":{"line":432,"column":20},"end":{"line":434,"column":21}},{"start":{},"end":{}}],"line":432},"23":{"loc":{"start":{"line":449,"column":4},"end":{"line":457,"column":5}},"type":"if","locations":[{"start":{"line":449,"column":4},"end":{"line":457,"column":5}},{"start":{"line":454,"column":11},"end":{"line":457,"column":5}}],"line":449},"24":{"loc":{"start":{"line":449,"column":8},"end":{"line":449,"column":44}},"type":"binary-expr","locations":[{"start":{"line":449,"column":8},"end":{"line":449,"column":23}},{"start":{"line":449,"column":27},"end":{"line":449,"column":44}}],"line":449},"25":{"loc":{"start":{"line":454,"column":11},"end":{"line":457,"column":5}},"type":"if","locations":[{"start":{"line":454,"column":11},"end":{"line":457,"column":5}},{"start":{},"end":{}}],"line":454},"26":{"loc":{"start":{"line":454,"column":15},"end":{"line":454,"column":91}},"type":"binary-expr","locations":[{"start":{"line":454,"column":15},"end":{"line":454,"column":30}},{"start":{"line":454,"column":34},"end":{"line":454,"column":49}},{"start":{"line":454,"column":53},"end":{"line":454,"column":70}},{"start":{"line":454,"column":74},"end":{"line":454,"column":91}}],"line":454},"27":{"loc":{"start":{"line":474,"column":12},"end":{"line":522,"column":13}},"type":"if","locations":[{"start":{"line":474,"column":12},"end":{"line":522,"column":13}},{"start":{},"end":{}}],"line":474},"28":{"loc":{"start":{"line":506,"column":20},"end":{"line":508,"column":21}},"type":"if","locations":[{"start":{"line":506,"column":20},"end":{"line":508,"column":21}},{"start":{},"end":{}}],"line":506},"29":{"loc":{"start":{"line":516,"column":20},"end":{"line":519,"column":21}},"type":"if","locations":[{"start":{"line":516,"column":20},"end":{"line":519,"column":21}},{"start":{},"end":{}}],"line":516},"30":{"loc":{"start":{"line":516,"column":24},"end":{"line":516,"column":56}},"type":"binary-expr","locations":[{"start":{"line":516,"column":25},"end":{"line":516,"column":32}},{"start":{"line":516,"column":38},"end":{"line":516,"column":55}}],"line":516},"31":{"loc":{"start":{"line":536,"column":12},"end":{"line":582,"column":13}},"type":"if","locations":[{"start":{"line":536,"column":12},"end":{"line":582,"column":13}},{"start":{},"end":{}}],"line":536},"32":{"loc":{"start":{"line":565,"column":20},"end":{"line":568,"column":21}},"type":"if","locations":[{"start":{"line":565,"column":20},"end":{"line":568,"column":21}},{"start":{},"end":{}}],"line":565},"33":{"loc":{"start":{"line":575,"column":20},"end":{"line":578,"column":21}},"type":"if","locations":[{"start":{"line":575,"column":20},"end":{"line":578,"column":21}},{"start":{},"end":{}}],"line":575},"34":{"loc":{"start":{"line":575,"column":24},"end":{"line":575,"column":56}},"type":"binary-expr","locations":[{"start":{"line":575,"column":25},"end":{"line":575,"column":32}},{"start":{"line":575,"column":38},"end":{"line":575,"column":55}}],"line":575},"35":{"loc":{"start":{"line":622,"column":16},"end":{"line":625,"column":17}},"type":"if","locations":[{"start":{"line":622,"column":16},"end":{"line":625,"column":17}},{"start":{},"end":{}}],"line":622},"36":{"loc":{"start":{"line":638,"column":4},"end":{"line":647,"column":5}},"type":"if","locations":[{"start":{"line":638,"column":4},"end":{"line":647,"column":5}},{"start":{},"end":{}}],"line":638},"37":{"loc":{"start":{"line":643,"column":12},"end":{"line":645,"column":13}},"type":"if","locations":[{"start":{"line":643,"column":12},"end":{"line":645,"column":13}},{"start":{},"end":{}}],"line":643},"38":{"loc":{"start":{"line":671,"column":12},"end":{"line":680,"column":13}},"type":"if","locations":[{"start":{"line":671,"column":12},"end":{"line":680,"column":13}},{"start":{},"end":{}}],"line":671},"39":{"loc":{"start":{"line":676,"column":20},"end":{"line":678,"column":21}},"type":"if","locations":[{"start":{"line":676,"column":20},"end":{"line":678,"column":21}},{"start":{},"end":{}}],"line":676},"40":{"loc":{"start":{"line":705,"column":4},"end":{"line":707,"column":5}},"type":"if","locations":[{"start":{"line":705,"column":4},"end":{"line":707,"column":5}},{"start":{},"end":{}}],"line":705},"41":{"loc":{"start":{"line":711,"column":4},"end":{"line":713,"column":5}},"type":"if","locations":[{"start":{"line":711,"column":4},"end":{"line":713,"column":5}},{"start":{},"end":{}}],"line":711},"42":{"loc":{"start":{"line":734,"column":12},"end":{"line":814,"column":13}},"type":"if","locations":[{"start":{"line":734,"column":12},"end":{"line":814,"column":13}},{"start":{},"end":{}}],"line":734},"43":{"loc":{"start":{"line":763,"column":20},"end":{"line":766,"column":21}},"type":"if","locations":[{"start":{"line":763,"column":20},"end":{"line":766,"column":21}},{"start":{},"end":{}}],"line":763},"44":{"loc":{"start":{"line":801,"column":20},"end":{"line":804,"column":21}},"type":"if","locations":[{"start":{"line":801,"column":20},"end":{"line":804,"column":21}},{"start":{},"end":{}}],"line":801},"45":{"loc":{"start":{"line":905,"column":4},"end":{"line":920,"column":5}},"type":"if","locations":[{"start":{"line":905,"column":4},"end":{"line":920,"column":5}},{"start":{"line":913,"column":11},"end":{"line":920,"column":5}}],"line":905},"46":{"loc":{"start":{"line":913,"column":11},"end":{"line":920,"column":5}},"type":"if","locations":[{"start":{"line":913,"column":11},"end":{"line":920,"column":5}},{"start":{},"end":{}}],"line":913}},"s":{"0":1,"1":1,"2":1,"3":1,"4":1,"5":0,"6":0,"7":0,"8":0,"9":0,"10":0,"11":0,"12":0,"13":0,"14":0,"15":0,"16":0,"17":0,"18":0,"19":0,"20":0,"21":0,"22":0,"23":0,"24":0,"25":0,"26":0,"27":0,"28":2,"29":2,"30":3,"31":3,"32":0,"33":0,"34":0,"35":0,"36":0,"37":0,"38":0,"39":0,"40":0,"41":0,"42":0,"43":0,"44":0,"45":0,"46":0,"47":0,"48":0,"49":0,"50":0,"51":0,"52":0,"53":0,"54":0,"55":0,"56":0,"57":0,"58":0,"59":0,"60":0,"61":0,"62":0,"63":0,"64":0,"65":0,"66":0,"67":0,"68":0,"69":0,"70":0,"71":0,"72":0,"73":0,"74":0,"75":10,"76":0,"77":0,"78":0,"79":3,"80":0,"81":0,"82":0,"83":0,"84":0,"85":0,"86":0,"87":0,"88":0,"89":0,"90":0,"91":0,"92":0,"93":0,"94":0,"95":0,"96":0,"97":0,"98":0,"99":0,"100":0,"101":0,"102":0,"103":0,"104":0,"105":1,"106":1,"107":0,"108":0,"109":0,"110":0,"111":0,"112":0,"113":0,"114":1,"115":1,"116":1,"117":1,"118":0,"119":0,"120":0,"121":0,"122":0,"123":0,"124":0,"125":0,"126":0,"127":0,"128":0,"129":0,"130":0,"131":0,"132":0,"133":0,"134":0,"135":0,"136":0,"137":0,"138":0,"139":4,"140":1,"141":1,"142":0,"143":0,"144":0,"145":0,"146":0,"147":0,"148":0,"149":0,"150":0,"151":0,"152":0,"153":0,"154":0,"155":0,"156":0,"157":0,"158":0,"159":0,"160":0,"161":0,"162":0,"163":0,"164":0,"165":0,"166":0,"167":0,"168":0,"169":1,"170":1,"171":1,"172":1,"173":0,"174":0,"175":0,"176":0,"177":0,"178":1,"179":1,"180":1,"181":1,"182":0,"183":0,"184":0,"185":0,"186":0,"187":0,"188":0,"189":0,"190":0,"191":0,"192":0,"193":0,"194":0,"195":0,"196":3,"197":3,"198":1,"199":1,"200":0,"201":0,"202":0,"203":0,"204":0,"205":0,"206":0,"207":0,"208":0,"209":0,"210":0,"211":0,"212":0,"213":0,"214":0,"215":0,"216":0,"217":0,"218":0,"219":0,"220":0,"221":0,"222":0,"223":0,"224":0,"225":0,"226":0,"227":3,"228":3,"229":0,"230":0,"231":0,"232":0,"233":0,"234":0,"235":0,"236":0,"237":0,"238":0,"239":0,"240":0,"241":0,"242":0,"243":0,"244":0,"245":0,"246":0,"247":0,"248":0,"249":0,"250":0,"251":0,"252":0,"253":0,"254":0,"255":0,"256":0,"257":1,"258":1,"259":1,"260":1,"261":1,"262":1,"263":0,"264":0,"265":0,"266":0,"267":0,"268":0,"269":0,"270":0,"271":0,"272":0,"273":0,"274":0,"275":0,"276":0,"277":0,"278":1,"279":1,"280":1,"281":0,"282":0,"283":0,"284":0,"285":0,"286":1,"287":1,"288":1,"289":1,"290":1,"291":1,"292":0,"293":0,"294":0,"295":0,"296":0,"297":0,"298":0,"299":0,"300":0,"301":0,"302":1,"303":0,"304":0,"305":0,"306":0,"307":0,"308":0,"309":0,"310":2,"311":2,"312":1,"313":1,"314":1,"315":0,"316":0,"317":0,"318":0,"319":0,"320":0,"321":0,"322":0,"323":0,"324":0,"325":0,"326":0,"327":0,"328":0,"329":0,"330":0,"331":0,"332":0,"333":0,"334":0,"335":0,"336":0,"337":0,"338":0,"339":0,"340":0,"341":0,"342":0,"343":0,"344":0,"345":0,"346":0,"347":0,"348":0,"349":0,"350":0,"351":0,"352":0,"353":0,"354":0,"355":0,"356":0,"357":0,"358":0,"359":0,"360":0,"361":0,"362":0,"363":0,"364":0,"365":0,"366":0,"367":0,"368":0,"369":0,"370":0,"371":0,"372":0,"373":0,"374":0,"375":0,"376":0,"377":0,"378":1,"379":0,"380":1,"381":0,"382":0,"383":0,"384":0,"385":0,"386":0,"387":1,"388":1,"389":1},"f":{"0":0,"1":0,"2":2,"3":3,"4":0,"5":0,"6":0,"7":0,"8":10,"9":0,"10":3,"11":0,"12":0,"13":0,"14":0,"15":0,"16":1,"17":1,"18":0,"19":1,"20":1,"21":0,"22":0,"23":4,"24":0,"25":0,"26":0,"27":0,"28":0,"29":0,"30":1,"31":1,"32":0,"33":1,"34":1,"35":0,"36":0,"37":3,"38":1,"39":1,"40":0,"41":0,"42":3,"43":3,"44":0,"45":0,"46":1,"47":1,"48":0,"49":0,"50":1,"51":1,"52":1,"53":0,"54":1,"55":1,"56":0,"57":0,"58":0,"59":0,"60":2,"61":1,"62":1,"63":1,"64":0,"65":0,"66":0,"67":0,"68":1,"69":1,"70":0,"71":0,"72":1,"73":1,"74":0,"75":0,"76":1,"77":1,"78":0,"79":1,"80":1,"81":0},"b":{"0":[0,0],"1":[0,0],"2":[0,0],"3":[0,0],"4":[0,0],"5":[0,0],"6":[0,0],"7":[0,0],"8":[0,0],"9":[10,9,8,7,6,5,4,3,2],"10":[3,2],"11":[0,0],"12":[0,1],"13":[0,0],"14":[0,1],"15":[4,2,1],"16":[0,0],"17":[0,0],"18":[0,0],"19":[1,0],"20":[0,0],"21":[1,0],"22":[0,0],"23":[0,0],"24":[0,0],"25":[0,0],"26":[0,0,0,0],"27":[0,1],"28":[0,0],"29":[0,0],"30":[0,0],"31":[0,3],"32":[0,0],"33":[0,0],"34":[0,0],"35":[0,0],"36":[1,0],"37":[0,0],"38":[1,0],"39":[0,0],"40":[0,0],"41":[0,0],"42":[0,1],"43":[0,0],"44":[0,0],"45":[0,0],"46":[0,0]},"_coverageSchema":"1a1c01bbd47fc00a2c39e90264f33305004495a9","hash":"6a118113fa4ee95e90a44466f818f179ccc8612d"}
}
