TN:
SF:js\function.js
FN:10,setUserName
FN:28,deleteIngBlock
FN:61,setCurrTopIng
FN:66,increasePerem
FN:71,addBlock
FN:114,(anonymous_5)
FN:130,addIngBlock
FN:146,toggleButtonAddRec
FN:172,validRecValue
FN:180,toggleButtonSignIn
FN:188,validSignInValue
FN:192,searchKeywords
FN:196,searchFilters
FN:201,remEvent
FN:206,isCorrectSignIn
FN:218,changeHeightRec
FN:252,getSavedRecByUserName
FN:258,(anonymous_17)
FN:272,(anonymous_18)
FN:277,getRecipeByName
FN:286,(anonymous_20)
FN:322,(anonymous_21)
FN:327,toggleButtonSignUp
FN:339,validSignUpValue
FN:343,isCorrectSignUp
FN:353,dragAndDropFunc
FN:358,(anonymous_26)
FN:362,(anonymous_27)
FN:366,(anonymous_28)
FN:369,(anonymous_29)
FN:395,getCuisinesAddRecHtml
FN:401,(anonymous_31)
FN:413,(anonymous_32)
FN:418,getCategAddRecHtml
FN:424,(anonymous_34)
FN:436,(anonymous_35)
FN:441,loadInfoSearchRec
FN:460,setCurrLeftOff
FN:465,getSearchResByKeyword
FN:471,(anonymous_39)
FN:505,(anonymous_40)
FN:522,(anonymous_41)
FN:527,getSearchResByFilter
FN:533,(anonymous_43)
FN:565,(anonymous_44)
FN:582,(anonymous_45)
FN:590,getRecentRec
FN:598,(anonymous_47)
FN:622,(anonymous_48)
FN:630,(anonymous_49)
FN:635,addCatIndex
FN:648,getCategInIndex
FN:654,(anonymous_52)
FN:657,(anonymous_53)
FN:662,getCuisinesIndex
FN:668,(anonymous_55)
FN:680,(anonymous_56)
FN:685,loadInfoIndexRec
FN:692,setNameRec
FN:698,loadInfoUserRec
FN:716,setCurrTopOff
FN:721,calcHeightBlock
FN:725,getUserSavedAndAddedRecipe
FN:731,(anonymous_63)
FN:763,(anonymous_64)
FN:801,(anonymous_65)
FN:814,(anonymous_66)
FN:820,postAddReq
FN:864,setNewReq
FN:871,(anonymous_69)
FN:873,(anonymous_70)
FN:879,postSignUpReq
FN:887,setNewUser
FN:894,(anonymous_73)
FN:896,(anonymous_74)
FN:902,postSaveReq
FN:922,addRecInFav
FN:928,(anonymous_77)
FN:931,(anonymous_78)
FN:936,deleteRecFromFav
FN:942,(anonymous_80)
FN:944,(anonymous_81)
FNF:82
FNH:37
FNDA:0,setUserName
FNDA:0,deleteIngBlock
FNDA:2,setCurrTopIng
FNDA:3,increasePerem
FNDA:0,addBlock
FNDA:0,(anonymous_5)
FNDA:0,addIngBlock
FNDA:0,toggleButtonAddRec
FNDA:10,validRecValue
FNDA:0,toggleButtonSignIn
FNDA:3,validSignInValue
FNDA:0,searchKeywords
FNDA:0,searchFilters
FNDA:0,remEvent
FNDA:0,isCorrectSignIn
FNDA:0,changeHeightRec
FNDA:1,getSavedRecByUserName
FNDA:1,(anonymous_17)
FNDA:0,(anonymous_18)
FNDA:1,getRecipeByName
FNDA:1,(anonymous_20)
FNDA:0,(anonymous_21)
FNDA:0,toggleButtonSignUp
FNDA:4,validSignUpValue
FNDA:0,isCorrectSignUp
FNDA:0,dragAndDropFunc
FNDA:0,(anonymous_26)
FNDA:0,(anonymous_27)
FNDA:0,(anonymous_28)
FNDA:0,(anonymous_29)
FNDA:1,getCuisinesAddRecHtml
FNDA:1,(anonymous_31)
FNDA:0,(anonymous_32)
FNDA:1,getCategAddRecHtml
FNDA:1,(anonymous_34)
FNDA:0,(anonymous_35)
FNDA:0,loadInfoSearchRec
FNDA:3,setCurrLeftOff
FNDA:1,getSearchResByKeyword
FNDA:1,(anonymous_39)
FNDA:0,(anonymous_40)
FNDA:0,(anonymous_41)
FNDA:3,getSearchResByFilter
FNDA:3,(anonymous_43)
FNDA:0,(anonymous_44)
FNDA:0,(anonymous_45)
FNDA:1,getRecentRec
FNDA:1,(anonymous_47)
FNDA:0,(anonymous_48)
FNDA:0,(anonymous_49)
FNDA:1,addCatIndex
FNDA:1,getCategInIndex
FNDA:1,(anonymous_52)
FNDA:0,(anonymous_53)
FNDA:1,getCuisinesIndex
FNDA:1,(anonymous_55)
FNDA:0,(anonymous_56)
FNDA:0,loadInfoIndexRec
FNDA:0,setNameRec
FNDA:0,loadInfoUserRec
FNDA:2,setCurrTopOff
FNDA:1,calcHeightBlock
FNDA:1,getUserSavedAndAddedRecipe
FNDA:1,(anonymous_63)
FNDA:0,(anonymous_64)
FNDA:0,(anonymous_65)
FNDA:0,(anonymous_66)
FNDA:0,postAddReq
FNDA:1,setNewReq
FNDA:1,(anonymous_69)
FNDA:0,(anonymous_70)
FNDA:0,postSignUpReq
FNDA:1,setNewUser
FNDA:1,(anonymous_73)
FNDA:0,(anonymous_74)
FNDA:0,postSaveReq
FNDA:1,addRecInFav
FNDA:1,(anonymous_77)
FNDA:0,(anonymous_78)
FNDA:1,deleteRecFromFav
FNDA:1,(anonymous_80)
FNDA:0,(anonymous_81)
DA:2,1
DA:3,1
DA:4,1
DA:6,1
DA:7,1
DA:11,0
DA:13,0
DA:15,0
DA:16,0
DA:20,0
DA:25,0
DA:29,0
DA:30,0
DA:31,0
DA:33,0
DA:36,0
DA:39,0
DA:42,0
DA:46,0
DA:47,0
DA:48,0
DA:49,0
DA:51,0
DA:52,0
DA:53,0
DA:54,0
DA:58,0
DA:62,2
DA:63,2
DA:67,3
DA:68,3
DA:72,0
DA:73,0
DA:74,0
DA:76,0
DA:77,0
DA:81,0
DA:82,0
DA:84,0
DA:85,0
DA:86,0
DA:88,0
DA:89,0
DA:94,0
DA:95,0
DA:101,0
DA:102,0
DA:109,0
DA:110,0
DA:111,0
DA:113,0
DA:114,0
DA:117,0
DA:118,0
DA:121,0
DA:122,0
DA:125,0
DA:126,0
DA:127,0
DA:131,0
DA:133,0
DA:136,0
DA:139,0
DA:142,0
DA:148,0
DA:159,0
DA:160,0
DA:161,0
DA:163,0
DA:164,0
DA:166,0
DA:174,10
DA:181,0
DA:184,0
DA:185,0
DA:189,3
DA:193,0
DA:197,0
DA:198,0
DA:202,0
DA:203,0
DA:219,0
DA:221,0
DA:222,0
DA:224,0
DA:225,0
DA:227,0
DA:229,0
DA:230,0
DA:232,0
DA:233,0
DA:234,0
DA:236,0
DA:237,0
DA:239,0
DA:241,0
DA:242,0
DA:243,0
DA:245,0
DA:247,0
DA:248,0
DA:253,1
DA:259,1
DA:260,0
DA:262,0
DA:263,0
DA:264,0
DA:265,0
DA:266,0
DA:278,1
DA:279,1
DA:281,1
DA:287,1
DA:288,0
DA:289,0
DA:292,0
DA:294,0
DA:296,0
DA:298,0
DA:300,0
DA:302,0
DA:304,0
DA:306,0
DA:307,0
DA:308,0
DA:310,0
DA:313,0
DA:315,0
DA:317,0
DA:319,0
DA:329,0
DA:335,0
DA:336,0
DA:340,4
DA:350,1
DA:351,1
DA:354,0
DA:355,0
DA:356,0
DA:358,0
DA:359,0
DA:360,0
DA:362,0
DA:363,0
DA:364,0
DA:366,0
DA:367,0
DA:369,0
DA:370,0
DA:371,0
DA:372,0
DA:373,0
DA:374,0
DA:375,0
DA:377,0
DA:378,0
DA:381,0
DA:382,0
DA:383,0
DA:386,0
DA:389,0
DA:390,0
DA:392,0
DA:396,1
DA:402,1
DA:403,1
DA:404,0
DA:405,0
DA:406,0
DA:407,0
DA:408,0
DA:419,1
DA:425,1
DA:426,1
DA:427,0
DA:428,0
DA:429,0
DA:430,0
DA:431,0
DA:442,0
DA:443,0
DA:444,0
DA:445,0
DA:447,0
DA:448,0
DA:450,0
DA:452,0
DA:454,0
DA:461,3
DA:462,3
DA:466,1
DA:472,1
DA:473,0
DA:476,0
DA:477,0
DA:479,0
DA:481,0
DA:483,0
DA:484,0
DA:485,0
DA:486,0
DA:487,0
DA:488,0
DA:490,0
DA:492,0
DA:493,0
DA:495,0
DA:502,0
DA:504,0
DA:505,0
DA:509,0
DA:510,0
DA:512,0
DA:514,0
DA:515,0
DA:516,0
DA:519,0
DA:528,3
DA:534,3
DA:535,0
DA:537,0
DA:538,0
DA:540,0
DA:541,0
DA:543,0
DA:544,0
DA:545,0
DA:546,0
DA:547,0
DA:548,0
DA:550,0
DA:551,0
DA:552,0
DA:554,0
DA:561,0
DA:563,0
DA:564,0
DA:565,0
DA:568,0
DA:569,0
DA:571,0
DA:573,0
DA:574,0
DA:575,0
DA:578,0
DA:579,0
DA:587,1
DA:588,1
DA:591,1
DA:593,1
DA:599,1
DA:600,0
DA:601,0
DA:602,0
DA:603,0
DA:604,0
DA:606,0
DA:608,0
DA:609,0
DA:611,0
DA:618,0
DA:620,0
DA:621,0
DA:622,0
DA:625,0
DA:627,0
DA:636,1
DA:637,1
DA:638,0
DA:639,0
DA:640,0
DA:641,0
DA:642,0
DA:649,1
DA:655,1
DA:663,1
DA:669,1
DA:670,1
DA:671,0
DA:672,0
DA:673,0
DA:674,0
DA:675,0
DA:686,0
DA:687,0
DA:688,0
DA:689,0
DA:693,0
DA:696,1
DA:699,0
DA:701,0
DA:703,0
DA:704,0
DA:707,0
DA:709,0
DA:710,0
DA:717,2
DA:718,2
DA:722,1
DA:726,1
DA:732,1
DA:733,0
DA:734,0
DA:736,0
DA:738,0
DA:740,0
DA:741,0
DA:742,0
DA:743,0
DA:744,0
DA:745,0
DA:747,0
DA:749,0
DA:750,0
DA:752,0
DA:759,0
DA:761,0
DA:762,0
DA:763,0
DA:766,0
DA:768,0
DA:769,0
DA:771,0
DA:774,0
DA:775,0
DA:778,0
DA:779,0
DA:780,0
DA:781,0
DA:782,0
DA:783,0
DA:785,0
DA:787,0
DA:788,0
DA:790,0
DA:797,0
DA:799,0
DA:800,0
DA:801,0
DA:804,0
DA:806,0
DA:807,0
DA:809,0
DA:811,0
DA:821,0
DA:822,0
DA:824,0
DA:826,0
DA:827,0
DA:828,0
DA:829,0
DA:830,0
DA:831,0
DA:833,0
DA:834,0
DA:836,0
DA:838,0
DA:839,0
DA:841,0
DA:847,0
DA:850,0
DA:865,1
DA:880,0
DA:888,1
DA:903,0
DA:904,0
DA:908,0
DA:911,0
DA:912,0
DA:916,0
DA:923,1
DA:937,1
DA:949,1
LF:373
LH:55
BRDA:15,0,0,0
BRDA:15,0,1,0
BRDA:51,1,0,0
BRDA:51,1,1,0
BRDA:76,2,0,0
BRDA:76,2,1,0
BRDA:113,3,0,0
BRDA:113,3,1,0
BRDA:117,4,0,0
BRDA:117,4,1,0
BRDA:121,5,0,0
BRDA:121,5,1,0
BRDA:163,6,0,0
BRDA:163,6,1,0
BRDA:164,7,0,0
BRDA:164,7,1,0
BRDA:164,8,0,0
BRDA:164,8,1,0
BRDA:174,9,0,10
BRDA:174,9,1,9
BRDA:174,9,2,8
BRDA:174,9,3,7
BRDA:174,9,4,6
BRDA:174,9,5,5
BRDA:174,9,6,4
BRDA:174,9,7,3
BRDA:174,9,8,2
BRDA:189,10,0,3
BRDA:189,10,1,2
BRDA:247,11,0,0
BRDA:247,11,1,0
BRDA:259,12,0,0
BRDA:259,12,1,1
BRDA:265,13,0,0
BRDA:265,13,1,0
BRDA:287,14,0,0
BRDA:287,14,1,1
BRDA:340,15,0,4
BRDA:340,15,1,3
BRDA:340,15,2,2
BRDA:373,16,0,0
BRDA:373,16,1,0
BRDA:374,17,0,0
BRDA:374,17,1,0
BRDA:377,18,0,0
BRDA:377,18,1,0
BRDA:402,19,0,1
BRDA:402,19,1,0
BRDA:407,20,0,0
BRDA:407,20,1,0
BRDA:425,21,0,1
BRDA:425,21,1,0
BRDA:430,22,0,0
BRDA:430,22,1,0
BRDA:447,23,0,0
BRDA:447,23,1,0
BRDA:447,24,0,0
BRDA:447,24,1,0
BRDA:452,25,0,0
BRDA:452,25,1,0
BRDA:452,26,0,0
BRDA:452,26,1,0
BRDA:452,26,2,0
BRDA:452,26,3,0
BRDA:472,27,0,0
BRDA:472,27,1,1
BRDA:504,28,0,0
BRDA:504,28,1,0
BRDA:514,29,0,0
BRDA:514,29,1,0
BRDA:514,30,0,0
BRDA:514,30,1,0
BRDA:534,31,0,0
BRDA:534,31,1,3
BRDA:563,32,0,0
BRDA:563,32,1,0
BRDA:573,33,0,0
BRDA:573,33,1,0
BRDA:573,34,0,0
BRDA:573,34,1,0
BRDA:620,35,0,0
BRDA:620,35,1,0
BRDA:636,36,0,1
BRDA:636,36,1,0
BRDA:641,37,0,0
BRDA:641,37,1,0
BRDA:669,38,0,1
BRDA:669,38,1,0
BRDA:674,39,0,0
BRDA:674,39,1,0
BRDA:703,40,0,0
BRDA:703,40,1,0
BRDA:709,41,0,0
BRDA:709,41,1,0
BRDA:732,42,0,0
BRDA:732,42,1,1
BRDA:761,43,0,0
BRDA:761,43,1,0
BRDA:799,44,0,0
BRDA:799,44,1,0
BRDA:903,45,0,0
BRDA:903,45,1,0
BRDA:911,46,0,0
BRDA:911,46,1,0
BRF:104
BRH:23
end_of_record
