TN:
SF:js\function.js
FN:10,setUserName
FN:29,deleteIngBlock
FN:62,setCurrTopIng
FN:67,increasePerem
FN:72,addBlock
FN:115,(anonymous_5)
FN:131,addIngBlock
FN:147,toggleButtonAddRec
FN:173,validRecValue
FN:181,toggleButtonSignIn
FN:190,validSignInValue
FN:194,searchKeywords
FN:198,searchFilters
FN:203,remEvent
FN:208,isCorrectSignIn
FN:220,changeHeightRec
FN:254,getSavedRecByUserName
FN:260,(anonymous_17)
FN:274,(anonymous_18)
FN:279,getRecipeByName
FN:288,(anonymous_20)
FN:324,(anonymous_21)
FN:329,toggleButtonSignUp
FN:341,validSignUpValue
FN:345,isCorrectSignUp
FN:355,dragAndDropFunc
FN:360,(anonymous_26)
FN:364,(anonymous_27)
FN:368,(anonymous_28)
FN:371,(anonymous_29)
FN:397,getCuisinesAddRecHtml
FN:403,(anonymous_31)
FN:415,(anonymous_32)
FN:420,getCategAddRecHtml
FN:426,(anonymous_34)
FN:438,(anonymous_35)
FN:443,loadInfoSearchRec
FN:462,setCurrLeftOff
FN:467,getSearchResByKeyword
FN:473,(anonymous_39)
FN:507,(anonymous_40)
FN:524,(anonymous_41)
FN:529,getSearchResByFilter
FN:535,(anonymous_43)
FN:567,(anonymous_44)
FN:584,(anonymous_45)
FN:592,getRecentRec
FN:600,(anonymous_47)
FN:624,(anonymous_48)
FN:632,(anonymous_49)
FN:637,addCatIndex
FN:650,getCategInIndex
FN:656,(anonymous_52)
FN:659,(anonymous_53)
FN:664,getCuisinesIndex
FN:670,(anonymous_55)
FN:682,(anonymous_56)
FN:687,loadInfoIndexRec
FN:694,setNameRec
FN:700,loadInfoUserRec
FN:718,setCurrTopOff
FN:723,calcHeightBlock
FN:727,getUserSavedAndAddedRecipe
FN:733,(anonymous_63)
FN:765,(anonymous_64)
FN:803,(anonymous_65)
FN:816,(anonymous_66)
FN:822,postAddReq
FN:866,setNewReq
FN:873,(anonymous_69)
FN:875,(anonymous_70)
FN:881,postSignUpReq
FN:889,setNewUser
FN:896,(anonymous_73)
FN:898,(anonymous_74)
FN:904,postSaveReq
FN:924,addRecInFav
FN:930,(anonymous_77)
FN:933,(anonymous_78)
FN:938,deleteRecFromFav
FN:944,(anonymous_80)
FN:946,(anonymous_81)
FNF:82
FNH:37
FNDA:0,setUserName
FNDA:0,deleteIngBlock
FNDA:2,setCurrTopIng
FNDA:3,increasePerem
FNDA:0,addBlock
FNDA:0,(anonymous_5)
FNDA:0,addIngBlock
FNDA:0,toggleButtonAddRec
FNDA:10,validRecValue
FNDA:0,toggleButtonSignIn
FNDA:3,validSignInValue
FNDA:0,searchKeywords
FNDA:0,searchFilters
FNDA:0,remEvent
FNDA:0,isCorrectSignIn
FNDA:0,changeHeightRec
FNDA:1,getSavedRecByUserName
FNDA:1,(anonymous_17)
FNDA:0,(anonymous_18)
FNDA:1,getRecipeByName
FNDA:1,(anonymous_20)
FNDA:0,(anonymous_21)
FNDA:0,toggleButtonSignUp
FNDA:4,validSignUpValue
FNDA:0,isCorrectSignUp
FNDA:0,dragAndDropFunc
FNDA:0,(anonymous_26)
FNDA:0,(anonymous_27)
FNDA:0,(anonymous_28)
FNDA:0,(anonymous_29)
FNDA:1,getCuisinesAddRecHtml
FNDA:1,(anonymous_31)
FNDA:0,(anonymous_32)
FNDA:1,getCategAddRecHtml
FNDA:1,(anonymous_34)
FNDA:0,(anonymous_35)
FNDA:0,loadInfoSearchRec
FNDA:3,setCurrLeftOff
FNDA:1,getSearchResByKeyword
FNDA:1,(anonymous_39)
FNDA:0,(anonymous_40)
FNDA:0,(anonymous_41)
FNDA:3,getSearchResByFilter
FNDA:3,(anonymous_43)
FNDA:0,(anonymous_44)
FNDA:0,(anonymous_45)
FNDA:1,getRecentRec
FNDA:1,(anonymous_47)
FNDA:0,(anonymous_48)
FNDA:0,(anonymous_49)
FNDA:1,addCatIndex
FNDA:1,getCategInIndex
FNDA:1,(anonymous_52)
FNDA:0,(anonymous_53)
FNDA:1,getCuisinesIndex
FNDA:1,(anonymous_55)
FNDA:0,(anonymous_56)
FNDA:0,loadInfoIndexRec
FNDA:0,setNameRec
FNDA:0,loadInfoUserRec
FNDA:2,setCurrTopOff
FNDA:1,calcHeightBlock
FNDA:1,getUserSavedAndAddedRecipe
FNDA:1,(anonymous_63)
FNDA:0,(anonymous_64)
FNDA:0,(anonymous_65)
FNDA:0,(anonymous_66)
FNDA:0,postAddReq
FNDA:1,setNewReq
FNDA:1,(anonymous_69)
FNDA:0,(anonymous_70)
FNDA:0,postSignUpReq
FNDA:1,setNewUser
FNDA:1,(anonymous_73)
FNDA:0,(anonymous_74)
FNDA:0,postSaveReq
FNDA:1,addRecInFav
FNDA:1,(anonymous_77)
FNDA:0,(anonymous_78)
FNDA:1,deleteRecFromFav
FNDA:1,(anonymous_80)
FNDA:0,(anonymous_81)
DA:2,1
DA:3,1
DA:4,1
DA:6,1
DA:7,1
DA:12,0
DA:14,0
DA:16,0
DA:17,0
DA:21,0
DA:26,0
DA:30,0
DA:31,0
DA:32,0
DA:34,0
DA:37,0
DA:40,0
DA:43,0
DA:47,0
DA:48,0
DA:49,0
DA:50,0
DA:52,0
DA:53,0
DA:54,0
DA:55,0
DA:59,0
DA:63,2
DA:64,2
DA:68,3
DA:69,3
DA:73,0
DA:74,0
DA:75,0
DA:77,0
DA:78,0
DA:82,0
DA:83,0
DA:85,0
DA:86,0
DA:87,0
DA:89,0
DA:90,0
DA:95,0
DA:96,0
DA:102,0
DA:103,0
DA:110,0
DA:111,0
DA:112,0
DA:114,0
DA:115,0
DA:118,0
DA:119,0
DA:122,0
DA:123,0
DA:126,0
DA:127,0
DA:128,0
DA:132,0
DA:134,0
DA:137,0
DA:140,0
DA:143,0
DA:149,0
DA:160,0
DA:161,0
DA:162,0
DA:164,0
DA:165,0
DA:167,0
DA:175,10
DA:182,0
DA:186,0
DA:187,0
DA:191,3
DA:195,0
DA:199,0
DA:200,0
DA:204,0
DA:205,0
DA:221,0
DA:223,0
DA:224,0
DA:226,0
DA:227,0
DA:229,0
DA:231,0
DA:232,0
DA:234,0
DA:235,0
DA:236,0
DA:238,0
DA:239,0
DA:241,0
DA:243,0
DA:244,0
DA:245,0
DA:247,0
DA:249,0
DA:250,0
DA:255,1
DA:261,1
DA:262,0
DA:264,0
DA:265,0
DA:266,0
DA:267,0
DA:268,0
DA:280,1
DA:281,1
DA:283,1
DA:289,1
DA:290,0
DA:291,0
DA:294,0
DA:296,0
DA:298,0
DA:300,0
DA:302,0
DA:304,0
DA:306,0
DA:308,0
DA:309,0
DA:310,0
DA:312,0
DA:315,0
DA:317,0
DA:319,0
DA:321,0
DA:331,0
DA:337,0
DA:338,0
DA:342,4
DA:352,1
DA:353,1
DA:356,0
DA:357,0
DA:358,0
DA:360,0
DA:361,0
DA:362,0
DA:364,0
DA:365,0
DA:366,0
DA:368,0
DA:369,0
DA:371,0
DA:372,0
DA:373,0
DA:374,0
DA:375,0
DA:376,0
DA:377,0
DA:379,0
DA:380,0
DA:383,0
DA:384,0
DA:385,0
DA:388,0
DA:391,0
DA:392,0
DA:394,0
DA:398,1
DA:404,1
DA:405,1
DA:406,0
DA:407,0
DA:408,0
DA:409,0
DA:410,0
DA:421,1
DA:427,1
DA:428,1
DA:429,0
DA:430,0
DA:431,0
DA:432,0
DA:433,0
DA:444,0
DA:445,0
DA:446,0
DA:447,0
DA:449,0
DA:450,0
DA:452,0
DA:454,0
DA:456,0
DA:463,3
DA:464,3
DA:468,1
DA:474,1
DA:475,0
DA:478,0
DA:479,0
DA:481,0
DA:483,0
DA:485,0
DA:486,0
DA:487,0
DA:488,0
DA:489,0
DA:490,0
DA:492,0
DA:494,0
DA:495,0
DA:497,0
DA:504,0
DA:506,0
DA:507,0
DA:511,0
DA:512,0
DA:514,0
DA:516,0
DA:517,0
DA:518,0
DA:521,0
DA:530,3
DA:536,3
DA:537,0
DA:539,0
DA:540,0
DA:542,0
DA:543,0
DA:545,0
DA:546,0
DA:547,0
DA:548,0
DA:549,0
DA:550,0
DA:552,0
DA:553,0
DA:554,0
DA:556,0
DA:563,0
DA:565,0
DA:566,0
DA:567,0
DA:570,0
DA:571,0
DA:573,0
DA:575,0
DA:576,0
DA:577,0
DA:580,0
DA:581,0
DA:589,1
DA:590,1
DA:593,1
DA:595,1
DA:601,1
DA:602,0
DA:603,0
DA:604,0
DA:605,0
DA:606,0
DA:608,0
DA:610,0
DA:611,0
DA:613,0
DA:620,0
DA:622,0
DA:623,0
DA:624,0
DA:627,0
DA:629,0
DA:638,1
DA:639,1
DA:640,0
DA:641,0
DA:642,0
DA:643,0
DA:644,0
DA:651,1
DA:657,1
DA:665,1
DA:671,1
DA:672,1
DA:673,0
DA:674,0
DA:675,0
DA:676,0
DA:677,0
DA:688,0
DA:689,0
DA:690,0
DA:691,0
DA:695,0
DA:698,1
DA:701,0
DA:703,0
DA:705,0
DA:706,0
DA:709,0
DA:711,0
DA:712,0
DA:719,2
DA:720,2
DA:724,1
DA:728,1
DA:734,1
DA:735,0
DA:736,0
DA:738,0
DA:740,0
DA:742,0
DA:743,0
DA:744,0
DA:745,0
DA:746,0
DA:747,0
DA:749,0
DA:751,0
DA:752,0
DA:754,0
DA:761,0
DA:763,0
DA:764,0
DA:765,0
DA:768,0
DA:770,0
DA:771,0
DA:773,0
DA:776,0
DA:777,0
DA:780,0
DA:781,0
DA:782,0
DA:783,0
DA:784,0
DA:785,0
DA:787,0
DA:789,0
DA:790,0
DA:792,0
DA:799,0
DA:801,0
DA:802,0
DA:803,0
DA:806,0
DA:808,0
DA:809,0
DA:811,0
DA:813,0
DA:823,0
DA:824,0
DA:826,0
DA:828,0
DA:829,0
DA:830,0
DA:831,0
DA:832,0
DA:833,0
DA:835,0
DA:836,0
DA:838,0
DA:840,0
DA:841,0
DA:843,0
DA:849,0
DA:852,0
DA:867,1
DA:882,0
DA:890,1
DA:905,0
DA:906,0
DA:910,0
DA:913,0
DA:914,0
DA:918,0
DA:925,1
DA:939,1
DA:951,1
LF:373
LH:55
BRDA:16,0,0,0
BRDA:16,0,1,0
BRDA:52,1,0,0
BRDA:52,1,1,0
BRDA:77,2,0,0
BRDA:77,2,1,0
BRDA:114,3,0,0
BRDA:114,3,1,0
BRDA:118,4,0,0
BRDA:118,4,1,0
BRDA:122,5,0,0
BRDA:122,5,1,0
BRDA:164,6,0,0
BRDA:164,6,1,0
BRDA:165,7,0,0
BRDA:165,7,1,0
BRDA:165,8,0,0
BRDA:165,8,1,0
BRDA:175,9,0,10
BRDA:175,9,1,9
BRDA:175,9,2,8
BRDA:175,9,3,7
BRDA:175,9,4,6
BRDA:175,9,5,5
BRDA:175,9,6,4
BRDA:175,9,7,3
BRDA:175,9,8,2
BRDA:191,10,0,3
BRDA:191,10,1,2
BRDA:249,11,0,0
BRDA:249,11,1,0
BRDA:261,12,0,0
BRDA:261,12,1,1
BRDA:267,13,0,0
BRDA:267,13,1,0
BRDA:289,14,0,0
BRDA:289,14,1,1
BRDA:342,15,0,4
BRDA:342,15,1,2
BRDA:342,15,2,1
BRDA:375,16,0,0
BRDA:375,16,1,0
BRDA:376,17,0,0
BRDA:376,17,1,0
BRDA:379,18,0,0
BRDA:379,18,1,0
BRDA:404,19,0,1
BRDA:404,19,1,0
BRDA:409,20,0,0
BRDA:409,20,1,0
BRDA:427,21,0,1
BRDA:427,21,1,0
BRDA:432,22,0,0
BRDA:432,22,1,0
BRDA:449,23,0,0
BRDA:449,23,1,0
BRDA:449,24,0,0
BRDA:449,24,1,0
BRDA:454,25,0,0
BRDA:454,25,1,0
BRDA:454,26,0,0
BRDA:454,26,1,0
BRDA:454,26,2,0
BRDA:454,26,3,0
BRDA:474,27,0,0
BRDA:474,27,1,1
BRDA:506,28,0,0
BRDA:506,28,1,0
BRDA:516,29,0,0
BRDA:516,29,1,0
BRDA:516,30,0,0
BRDA:516,30,1,0
BRDA:536,31,0,0
BRDA:536,31,1,3
BRDA:565,32,0,0
BRDA:565,32,1,0
BRDA:575,33,0,0
BRDA:575,33,1,0
BRDA:575,34,0,0
BRDA:575,34,1,0
BRDA:622,35,0,0
BRDA:622,35,1,0
BRDA:638,36,0,1
BRDA:638,36,1,0
BRDA:643,37,0,0
BRDA:643,37,1,0
BRDA:671,38,0,1
BRDA:671,38,1,0
BRDA:676,39,0,0
BRDA:676,39,1,0
BRDA:705,40,0,0
BRDA:705,40,1,0
BRDA:711,41,0,0
BRDA:711,41,1,0
BRDA:734,42,0,0
BRDA:734,42,1,1
BRDA:763,43,0,0
BRDA:763,43,1,0
BRDA:801,44,0,0
BRDA:801,44,1,0
BRDA:905,45,0,0
BRDA:905,45,1,0
BRDA:913,46,0,0
BRDA:913,46,1,0
BRF:104
BRH:23
end_of_record
